{"numFailedTestSuites":2,"numFailedTests":1,"numPassedTestSuites":48,"numPassedTests":491,"numPendingTestSuites":1,"numPendingTests":4,"numRuntimeErrorTestSuites":1,"numTodoTests":0,"numTotalTestSuites":51,"numTotalTests":496,"openHandles":[],"snapshot":{"added":0,"didUpdate":false,"failure":false,"filesAdded":0,"filesRemoved":0,"filesRemovedList":[],"filesUnmatched":0,"filesUpdated":0,"matched":0,"total":0,"unchecked":0,"uncheckedKeysByFile":[],"unmatched":0,"updated":0},"startTime":1786996144982,"success":false,"testResults":[{"assertionResults":[{"ancestorTitles":["TelegramService realtime stream"],"duration":23,"failureDetails":[],"failureMessages":[],"fullName":"TelegramService realtime stream enables the streaming route when only the streaming base is configured","invocations":1,"location":null,"numPassingAsserts":1,"retryReasons":[],"status":"passed","title":"enables the streaming route when only the streaming base is configured"},{"ancestorTitles":["TelegramService realtime stream"],"duration":1,"failureDetails":[],"failureMessages":[],"fullName":"TelegramService realtime stream uses the independent encoded file_id route and validates length","invocations":1,"location":null,"numPassingAsserts":2,"retryReasons":[],"status":"passed","title":"uses the independent encoded file_id route and validates length"},{"ancestorTitles":["TelegramService realtime stream"],"duration":30,"failureDetails":[],"failureMessages":[],"fullName":"TelegramService realtime stream rejects a response without a valid Content-Length","invocations":1,"location":null,"numPassingAsserts":2,"retryReasons":[],"status":"passed","title":"rejects a response without a valid Content-Length"},{"ancestorTitles":["TelegramService realtime stream"],"duration":0,"failureDetails":[],"failureMessages":[],"fullName":"TelegramService realtime stream rejects and destroys a stream when Content-Length conflicts with expected size","invocations":1,"location":null,"numPassingAsserts":2,"retryReasons":[],"status":"passed","title":"rejects and destroys a stream when Content-Length conflicts with expected size"},{"ancestorTitles":["TelegramService realtime stream"],"duration":5,"failureDetails":[],"failureMessages":[],"fullName":"TelegramService realtime stream rejects an invalid expected size before sending a request","invocations":1,"location":null,"numPassingAsserts":2,"retryReasons":[],"status":"passed","title":"rejects an invalid expected size before sending a request"},{"ancestorTitles":["TelegramService realtime stream"],"duration":0,"failureDetails":[],"failureMessages":[],"fullName":"TelegramService realtime stream keeps legacy callers compatible when no size hint is provided","invocations":1,"location":null,"numPassingAsserts":1,"retryReasons":[],"status":"passed","title":"keeps legacy callers compatible when no size hint is provided"},{"ancestorTitles":["TelegramService realtime stream"],"duration":1,"failureDetails":[],"failureMessages":[],"fullName":"TelegramService realtime stream attaches X-Telegram-No-Cache header together with the size hint on no-cache passthrough","invocations":1,"location":null,"numPassingAsserts":1,"retryReasons":[],"status":"passed","title":"attaches X-Telegram-No-Cache header together with the size hint on no-cache passthrough"},{"ancestorTitles":["TelegramService realtime stream"],"duration":1,"failureDetails":[],"failureMessages":[],"fullName":"TelegramService realtime stream attaches X-Telegram-No-Cache header alone when no size hint is provided","invocations":1,"location":null,"numPassingAsserts":1,"retryReasons":[],"status":"passed","title":"attaches X-Telegram-No-Cache header alone when no size hint is provided"},{"ancestorTitles":["TelegramService realtime stream","uploadFile media response compatibility"],"duration":1,"failureDetails":[],"failureMessages":[],"fullName":"TelegramService realtime stream uploadFile media response compatibility uses document.file_id for normal files","invocations":1,"location":null,"numPassingAsserts":2,"retryReasons":[],"status":"passed","title":"uses document.file_id for normal files"},{"ancestorTitles":["TelegramService realtime stream","uploadFile media response compatibility"],"duration":1,"failureDetails":[],"failureMessages":[],"fullName":"TelegramService realtime stream uploadFile media response compatibility falls back to animation.file_id for short MP4 responses","invocations":1,"location":null,"numPassingAsserts":2,"retryReasons":[],"status":"passed","title":"falls back to animation.file_id for short MP4 responses"},{"ancestorTitles":["TelegramService realtime stream","uploadFile media response compatibility"],"duration":0,"failureDetails":[],"failureMessages":[],"fullName":"TelegramService realtime stream uploadFile media response compatibility falls back to video.file_id for MP4 video responses","invocations":1,"location":null,"numPassingAsserts":2,"retryReasons":[],"status":"passed","title":"falls back to video.file_id for MP4 video responses"},{"ancestorTitles":["TelegramService realtime stream","uploadFile media response compatibility"],"duration":0,"failureDetails":[],"failureMessages":[],"fullName":"TelegramService realtime stream uploadFile media response compatibility falls back to audio.file_id for MP3/audio responses","invocations":1,"location":null,"numPassingAsserts":2,"retryReasons":[],"status":"passed","title":"falls back to audio.file_id for MP3/audio responses"},{"ancestorTitles":["TelegramService realtime stream","uploadFile media response compatibility"],"duration":6,"failureDetails":[],"failureMessages":[],"fullName":"TelegramService realtime stream uploadFile media response compatibility falls back to voice.file_id for voice responses","invocations":1,"location":null,"numPassingAsserts":2,"retryReasons":[],"status":"passed","title":"falls back to voice.file_id for voice responses"},{"ancestorTitles":["TelegramService realtime stream","uploadFile media response compatibility"],"duration":1,"failureDetails":[],"failureMessages":[],"fullName":"TelegramService realtime stream uploadFile media response compatibility prefers document.file_id when multiple media fields exist","invocations":1,"location":null,"numPassingAsserts":1,"retryReasons":[],"status":"passed","title":"prefers document.file_id when multiple media fields exist"},{"ancestorTitles":["TelegramService realtime stream","uploadFile media response compatibility"],"duration":5,"failureDetails":[],"failureMessages":[],"fullName":"TelegramService realtime stream uploadFile media response compatibility reports an invalid response without blaming the file format","invocations":1,"location":null,"numPassingAsserts":2,"retryReasons":[],"status":"passed","title":"reports an invalid response without blaming the file format"},{"ancestorTitles":["TelegramService realtime stream","telegramRequest 400 error fidelity"],"duration":1,"failureDetails":[],"failureMessages":[],"fullName":"TelegramService realtime stream telegramRequest 400 error fidelity preserves the Telegram description for a generic 400 error","invocations":1,"location":null,"numPassingAsserts":1,"retryReasons":[],"status":"passed","title":"preserves the Telegram description for a generic 400 error"},{"ancestorTitles":["TelegramService realtime stream","telegramRequest 400 error fidelity"],"duration":1,"failureDetails":[],"failureMessages":[],"fullName":"TelegramService realtime stream telegramRequest 400 error fidelity sanitizes control characters, collapses whitespace and caps the length","invocations":1,"location":null,"numPassingAsserts":1,"retryReasons":[],"status":"passed","title":"sanitizes control characters, collapses whitespace and caps the length"},{"ancestorTitles":["TelegramService realtime stream","telegramRequest 400 error fidelity"],"duration":1,"failureDetails":[],"failureMessages":[],"fullName":"TelegramService realtime stream telegramRequest 400 error fidelity falls back to a stable message when the description is missing","invocations":1,"location":null,"numPassingAsserts":1,"retryReasons":[],"status":"passed","title":"falls back to a stable message when the description is missing"},{"ancestorTitles":["TelegramService realtime stream","telegramRequest 400 error fidelity"],"duration":1,"failureDetails":[],"failureMessages":[],"fullName":"TelegramService realtime stream telegramRequest 400 error fidelity keeps known 400 mappings for image and chat errors","invocations":1,"location":null,"numPassingAsserts":2,"retryReasons":[],"status":"passed","title":"keeps known 400 mappings for image and chat errors"},{"ancestorTitles":["TelegramService realtime stream","TelegramFileNotFoundError classification"],"duration":1,"failureDetails":[],"failureMessages":[],"fullName":"TelegramService realtime stream TelegramFileNotFoundError classification maps 400 invalid file_id to TelegramFileNotFoundError","invocations":1,"location":null,"numPassingAsserts":2,"retryReasons":[],"status":"passed","title":"maps 400 invalid file_id to TelegramFileNotFoundError"},{"ancestorTitles":["TelegramService realtime stream","TelegramFileNotFoundError classification"],"duration":0,"failureDetails":[],"failureMessages":[],"fullName":"TelegramService realtime stream TelegramFileNotFoundError classification maps 404 file not found to TelegramFileNotFoundError","invocations":1,"location":null,"numPassingAsserts":1,"retryReasons":[],"status":"passed","title":"maps 404 file not found to TelegramFileNotFoundError"},{"ancestorTitles":["TelegramService realtime stream","TelegramFileNotFoundError classification"],"duration":39,"failureDetails":[],"failureMessages":[],"fullName":"TelegramService realtime stream TelegramFileNotFoundError classification keeps 404 without resource description as a plain bot-not-found error","invocations":1,"location":null,"numPassingAsserts":1,"retryReasons":[],"status":"passed","title":"keeps 404 without resource description as a plain bot-not-found error"},{"ancestorTitles":["TelegramService realtime stream","TelegramFileNotFoundError classification"],"duration":1004,"failureDetails":[],"failureMessages":[],"fullName":"TelegramService realtime stream TelegramFileNotFoundError classification does not classify transient errors as file-not-found","invocations":1,"location":null,"numPassingAsserts":2,"retryReasons":[],"status":"passed","title":"does not classify transient errors as file-not-found"},{"ancestorTitles":["TelegramService realtime stream","TelegramFileNotFoundError classification"],"duration":2,"failureDetails":[],"failureMessages":[],"fullName":"TelegramService realtime stream TelegramFileNotFoundError classification exposes metadata without preloading file content and rejects stale file_id","invocations":1,"location":null,"numPassingAsserts":4,"retryReasons":[],"status":"passed","title":"exposes metadata without preloading file content and rejects stale file_id"},{"ancestorTitles":["TelegramService realtime stream","TelegramFileNotFoundError classification"],"duration":4,"failureDetails":[],"failureMessages":[],"fullName":"TelegramService realtime stream TelegramFileNotFoundError classification rejects an empty or oversized file_id before hitting the network","invocations":1,"location":null,"numPassingAsserts":3,"retryReasons":[],"status":"passed","title":"rejects an empty or oversized file_id before hitting the network"},{"ancestorTitles":["TelegramService realtime stream","realtime stream stale-path recovery"],"duration":37,"failureDetails":[],"failureMessages":[],"fullName":"TelegramService realtime stream realtime stream stale-path recovery classifies the 502 \"Exact file size\" as a recoverable stream-path error","invocations":1,"location":null,"numPassingAsserts":5,"retryReasons":[],"status":"passed","title":"classifies the 502 \"Exact file size\" as a recoverable stream-path error"},{"ancestorTitles":["TelegramService realtime stream","realtime stream stale-path recovery"],"duration":7,"failureDetails":[],"failureMessages":[],"fullName":"TelegramService realtime stream realtime stream stale-path recovery classifies stream size unavailable variant as recoverable: File size is unavailable from Telegram","invocations":1,"location":null,"numPassingAsserts":2,"retryReasons":[],"status":"passed","title":"classifies stream size unavailable variant as recoverable: File size is unavailable from Telegram"},{"ancestorTitles":["TelegramService realtime stream","realtime stream stale-path recovery"],"duration":8,"failureDetails":[],"failureMessages":[],"fullName":"TelegramService realtime stream realtime stream stale-path recovery classifies stream size unavailable variant as recoverable: Exact file size unavailable from Telegram","invocations":1,"location":null,"numPassingAsserts":2,"retryReasons":[],"status":"passed","title":"classifies stream size unavailable variant as recoverable: Exact file size unavailable from Telegram"},{"ancestorTitles":["TelegramService realtime stream","realtime stream stale-path recovery"],"duration":10,"failureDetails":[],"failureMessages":[],"fullName":"TelegramService realtime stream realtime stream stale-path recovery triggers recovery for a generic 502 from the dedicated stream endpoint","invocations":1,"location":null,"numPassingAsserts":2,"retryReasons":[],"status":"passed","title":"triggers recovery for a generic 502 from the dedicated stream endpoint"},{"ancestorTitles":["TelegramService realtime stream","realtime stream stale-path recovery"],"duration":5,"failureDetails":[],"failureMessages":[],"fullName":"TelegramService realtime stream realtime stream stale-path recovery does not classify a generic 502 from a non-stream Telegram request","invocations":1,"location":null,"numPassingAsserts":1,"retryReasons":[],"status":"passed","title":"does not classify a generic 502 from a non-stream Telegram request"},{"ancestorTitles":["TelegramService realtime stream","realtime stream stale-path recovery"],"duration":21,"failureDetails":[],"failureMessages":[],"fullName":"TelegramService realtime stream realtime stream stale-path recovery throws a permanent error when recovery itself reports file-not-found, only re-sourcing once","invocations":1,"location":null,"numPassingAsserts":3,"retryReasons":[],"status":"passed","title":"throws a permanent error when recovery itself reports file-not-found, only re-sourcing once"},{"ancestorTitles":["TelegramService realtime stream","realtime stream stale-path recovery"],"duration":31,"failureDetails":[],"failureMessages":[],"fullName":"TelegramService realtime stream realtime stream stale-path recovery keeps a transient 5xx during recovery as a transient error (not permanent, B1)","invocations":1,"location":null,"numPassingAsserts":2,"retryReasons":[],"status":"passed","title":"keeps a transient 5xx during recovery as a transient error (not permanent, B1)"},{"ancestorTitles":["TelegramService realtime stream","realtime stream stale-path recovery"],"duration":13,"failureDetails":[],"failureMessages":[],"fullName":"TelegramService realtime stream realtime stream stale-path recovery keeps a timeout during recovery as a transient error (not permanent, B1)","invocations":1,"location":null,"numPassingAsserts":2,"retryReasons":[],"status":"passed","title":"keeps a timeout during recovery as a transient error (not permanent, B1)"},{"ancestorTitles":["TelegramService realtime stream","realtime stream stale-path recovery"],"duration":12,"failureDetails":[],"failureMessages":[],"fullName":"TelegramService realtime stream realtime stream stale-path recovery does not recurse and keeps a stream-path error transient when empty file_path retry still fails","invocations":1,"location":null,"numPassingAsserts":3,"retryReasons":[],"status":"passed","title":"does not recurse and keeps a stream-path error transient when empty file_path retry still fails"},{"ancestorTitles":["TelegramService realtime stream","realtime stream stale-path recovery"],"duration":23,"failureDetails":[],"failureMessages":[],"fullName":"TelegramService realtime stream realtime stream stale-path recovery throws TelegramStreamPathError when a local absolute path is missing (ENOENT)","invocations":1,"location":null,"numPassingAsserts":1,"retryReasons":[],"status":"passed","title":"throws TelegramStreamPathError when a local absolute path is missing (ENOENT)"},{"ancestorTitles":["TelegramService realtime stream","realtime stream stale-path recovery"],"duration":9,"failureDetails":[],"failureMessages":[],"fullName":"TelegramService realtime stream realtime stream stale-path recovery redacts the bot token from error messages","invocations":1,"location":null,"numPassingAsserts":2,"retryReasons":[],"status":"passed","title":"redacts the bot token from error messages"},{"ancestorTitles":["TelegramService realtime stream","realtime stream stale-path recovery"],"duration":18,"failureDetails":[],"failureMessages":[],"fullName":"TelegramService realtime stream realtime stream stale-path recovery deduplicates concurrent recovery for the same file_id (R9)","invocations":1,"location":null,"numPassingAsserts":3,"retryReasons":[],"status":"passed","title":"deduplicates concurrent recovery for the same file_id (R9)"}],"endTime":1786996155434,"message":"","name":"C:\\项目\\tgtc beta\\backend\\src\\telegram\\telegram.service.spec.ts","startTime":1786996146112,"status":"passed","summary":""},{"assertionResults":[{"ancestorTitles":["AuditService.logAwait (G8-07)"],"duration":14,"failureDetails":[],"failureMessages":[],"fullName":"AuditService.logAwait (G8-07) 写入成功时不产生降级文件也不抛错","invocations":1,"location":null,"numPassingAsserts":2,"retryReasons":[],"status":"passed","title":"写入成功时不产生降级文件也不抛错"},{"ancestorTitles":["AuditService.logAwait (G8-07)"],"duration":332,"failureDetails":[],"failureMessages":[],"fullName":"AuditService.logAwait (G8-07) 重试耗尽后写入本地降级文件（默认 failFast 关闭时不抛出）","invocations":1,"location":null,"numPassingAsserts":4,"retryReasons":[],"status":"passed","title":"重试耗尽后写入本地降级文件（默认 failFast 关闭时不抛出）"},{"ancestorTitles":["AuditService.logAwait (G8-07)"],"duration":325,"failureDetails":[],"failureMessages":[],"fullName":"AuditService.logAwait (G8-07) 开启 AUDIT_FAIL_FAST 时，重试耗尽后抛出（审计失败即操作失败）","invocations":1,"location":null,"numPassingAsserts":1,"retryReasons":[],"status":"passed","title":"开启 AUDIT_FAIL_FAST 时，重试耗尽后抛出（审计失败即操作失败）"}],"endTime":1786996156269,"message":"","name":"C:\\项目\\tgtc beta\\backend\\src\\common\\services\\audit.service.spec.ts","startTime":1786996146025,"status":"passed","summary":""},{"assertionResults":[],"coverage":{},"endTime":1786996170688,"message":"  ● Test suite failed to run\n\n    UNKNOWN: unknown error, read\n\n    \u001b[0m \u001b[90m 1 |\u001b[39m \u001b[36mimport\u001b[39m { \u001b[33mInjectable\u001b[39m\u001b[33m,\u001b[39m \u001b[33mNotFoundException\u001b[39m\u001b[33m,\u001b[39m \u001b[33mBadRequestException\u001b[39m\u001b[33m,\u001b[39m \u001b[33mLogger\u001b[39m } \u001b[36mfrom\u001b[39m \u001b[32m'@nestjs/common'\u001b[39m\u001b[33m;\u001b[39m\n     \u001b[90m 2 |\u001b[39m \u001b[36mimport\u001b[39m { \u001b[33mUAParser\u001b[39m } \u001b[36mfrom\u001b[39m \u001b[32m'ua-parser-js'\u001b[39m\u001b[33m;\u001b[39m\n    \u001b[31m\u001b[1m>\u001b[22m\u001b[39m\u001b[90m 3 |\u001b[39m \u001b[36mimport\u001b[39m { \u001b[33mInjectRepository\u001b[39m } \u001b[36mfrom\u001b[39m \u001b[32m'@nestjs/typeorm'\u001b[39m\u001b[33m;\u001b[39m\n     \u001b[90m   |\u001b[39m \u001b[31m\u001b[1m^\u001b[22m\u001b[39m\n     \u001b[90m 4 |\u001b[39m \u001b[36mimport\u001b[39m { \u001b[33mRepository\u001b[39m\u001b[33m,\u001b[39m \u001b[33mLessThan\u001b[39m\u001b[33m,\u001b[39m \u001b[33mIsNull\u001b[39m\u001b[33m,\u001b[39m \u001b[33mSelectQueryBuilder\u001b[39m\u001b[33m,\u001b[39m \u001b[33mIn\u001b[39m } \u001b[36mfrom\u001b[39m \u001b[32m'typeorm'\u001b[39m\u001b[33m;\u001b[39m\n     \u001b[90m 5 |\u001b[39m \u001b[36mimport\u001b[39m { \u001b[33mSystemConfig\u001b[39m } \u001b[36mfrom\u001b[39m \u001b[32m'../common/entities/system-config.entity'\u001b[39m\u001b[33m;\u001b[39m\n     \u001b[90m 6 |\u001b[39m \u001b[36mimport\u001b[39m { \u001b[33mBannedIP\u001b[39m } \u001b[36mfrom\u001b[39m \u001b[32m'../common/entities/banned-ip.entity'\u001b[39m\u001b[33m;\u001b[39m\u001b[0m\n\n      at Runtime.readFileBuffer (node_modules/jest-runtime/build/index.js:2291:21)\n      at Object.<anonymous> (node_modules/@nestjs/typeorm/dist/typeorm.module.js:15:29)\n      at Object.<anonymous> (node_modules/@nestjs/typeorm/dist/index.js:20:14)\n      at Object.<anonymous> (node_modules/@nestjs/typeorm/index.js:6:10)\n      at Object.<anonymous> (src/admin/admin.service.ts:3:1)\n      at Object.<anonymous> (src/admin/admin-smtp.spec.ts:13:1)\n","name":"C:\\项目\\tgtc beta\\backend\\src\\admin\\admin-smtp.spec.ts","startTime":1786996170688,"status":"failed","summary":""},{"assertionResults":[{"ancestorTitles":["ShareService 预览访问计数（持久化预览会话）"],"duration":17,"failureDetails":[],"failureMessages":[],"fullName":"ShareService 预览访问计数（持久化预览会话） 分享下载复用 FileService 统一下载链路（包含 Telegram 冷回源自愈）","invocations":1,"location":null,"numPassingAsserts":2,"retryReasons":[],"status":"passed","title":"分享下载复用 FileService 统一下载链路（包含 Telegram 冷回源自愈）"},{"ancestorTitles":["ShareService 预览访问计数（持久化预览会话）"],"duration":2,"failureDetails":[],"failureMessages":[],"fullName":"ShareService 预览访问计数（持久化预览会话） 同访客同文件重复预览：会话服务仅首次返回 consumed，后续幂等","invocations":1,"location":null,"numPassingAsserts":5,"retryReasons":[],"status":"passed","title":"同访客同文件重复预览：会话服务仅首次返回 consumed，后续幂等"},{"ancestorTitles":["ShareService 预览访问计数（持久化预览会话）"],"duration":2,"failureDetails":[],"failureMessages":[],"fullName":"ShareService 预览访问计数（持久化预览会话） 不同访客（visitorHash）各自独立计数","invocations":1,"location":null,"numPassingAsserts":3,"retryReasons":[],"status":"passed","title":"不同访客（visitorHash）各自独立计数"},{"ancestorTitles":["ShareService 预览访问计数（持久化预览会话）"],"duration":1,"failureDetails":[],"failureMessages":[],"fullName":"ShareService 预览访问计数（持久化预览会话） 额度耗尽时抛 404 且更新分享状态为 EXHAUSTED","invocations":1,"location":null,"numPassingAsserts":2,"retryReasons":[],"status":"passed","title":"额度耗尽时抛 404 且更新分享状态为 EXHAUSTED"},{"ancestorTitles":["ShareService 预览访问计数（持久化预览会话）"],"duration":1,"failureDetails":[],"failureMessages":[],"fullName":"ShareService 预览访问计数（持久化预览会话） 有密码分享缺少 access JWT 时拒绝（不询问会话服务）","invocations":1,"location":null,"numPassingAsserts":2,"retryReasons":[],"status":"passed","title":"有密码分享缺少 access JWT 时拒绝（不询问会话服务）"},{"ancestorTitles":["ShareService 预览访问计数（持久化预览会话）"],"duration":1,"failureDetails":[],"failureMessages":[],"fullName":"ShareService 预览访问计数（持久化预览会话） 有密码分享 access JWT 失效时拒绝（不询问会话服务）","invocations":1,"location":null,"numPassingAsserts":2,"retryReasons":[],"status":"passed","title":"有密码分享 access JWT 失效时拒绝（不询问会话服务）"},{"ancestorTitles":["ShareService 预览消费启动有效期时钟（G5-02）"],"duration":1,"failureDetails":[],"failureMessages":[],"fullName":"ShareService 预览消费启动有效期时钟（G5-02） 预览消费时对未启动有效期的分享执行 COALESCE 启动时钟","invocations":1,"location":null,"numPassingAsserts":4,"retryReasons":[],"status":"passed","title":"预览消费时对未启动有效期的分享执行 COALESCE 启动时钟"},{"ancestorTitles":["ShareService 预览消费启动有效期时钟（G5-02）"],"duration":0,"failureDetails":[],"failureMessages":[],"fullName":"ShareService 预览消费启动有效期时钟（G5-02） 预览消费时若已启动有效期则不重复执行时钟 UPDATE","invocations":1,"location":null,"numPassingAsserts":2,"retryReasons":[],"status":"passed","title":"预览消费时若已启动有效期则不重复执行时钟 UPDATE"}],"endTime":1786996157014,"message":"","name":"C:\\项目\\tgtc beta\\backend\\src\\share\\share-preview.spec.ts","startTime":1786996145958,"status":"passed","summary":""},{"assertionResults":[{"ancestorTitles":["FileService public media validation"],"duration":16,"failureDetails":[],"failureMessages":[],"fullName":"FileService public media validation accepts an unrestricted public image","invocations":1,"location":null,"numPassingAsserts":1,"retryReasons":[],"status":"passed","title":"accepts an unrestricted public image"},{"ancestorTitles":["FileService public media validation"],"duration":2,"failureDetails":[],"failureMessages":[],"fullName":"FileService public media validation rejects non-media files","invocations":1,"location":null,"numPassingAsserts":1,"retryReasons":[],"status":"passed","title":"rejects non-media files"},{"ancestorTitles":["FileService public media validation"],"duration":1,"failureDetails":[],"failureMessages":[],"fullName":"FileService public media validation rejects dangerous inline MIME: image/svg+xml（C-01 持久型 XSS 阻断）","invocations":1,"location":null,"numPassingAsserts":1,"retryReasons":[],"status":"passed","title":"rejects dangerous inline MIME: image/svg+xml（C-01 持久型 XSS 阻断）"},{"ancestorTitles":["FileService public media validation"],"duration":12,"failureDetails":[],"failureMessages":[],"fullName":"FileService public media validation rejects dangerous inline MIME: image/svg（C-01 持久型 XSS 阻断）","invocations":1,"location":null,"numPassingAsserts":1,"retryReasons":[],"status":"passed","title":"rejects dangerous inline MIME: image/svg（C-01 持久型 XSS 阻断）"},{"ancestorTitles":["FileService public media validation"],"duration":20,"failureDetails":[],"failureMessages":[],"fullName":"FileService public media validation rejects dangerous inline MIME: text/html（C-01 持久型 XSS 阻断）","invocations":1,"location":null,"numPassingAsserts":1,"retryReasons":[],"status":"passed","title":"rejects dangerous inline MIME: text/html（C-01 持久型 XSS 阻断）"},{"ancestorTitles":["FileService public media validation"],"duration":0,"failureDetails":[],"failureMessages":[],"fullName":"FileService public media validation rejects dangerous inline MIME: application/xhtml+xml（C-01 持久型 XSS 阻断）","invocations":1,"location":null,"numPassingAsserts":1,"retryReasons":[],"status":"passed","title":"rejects dangerous inline MIME: application/xhtml+xml（C-01 持久型 XSS 阻断）"},{"ancestorTitles":["FileService public media validation"],"duration":1,"failureDetails":[],"failureMessages":[],"fullName":"FileService public media validation rejects dangerous inline MIME: application/xml（C-01 持久型 XSS 阻断）","invocations":1,"location":null,"numPassingAsserts":1,"retryReasons":[],"status":"passed","title":"rejects dangerous inline MIME: application/xml（C-01 持久型 XSS 阻断）"},{"ancestorTitles":["FileService public media validation"],"duration":1,"failureDetails":[],"failureMessages":[],"fullName":"FileService public media validation rejects dangerous inline MIME: text/xml（C-01 持久型 XSS 阻断）","invocations":1,"location":null,"numPassingAsserts":1,"retryReasons":[],"status":"passed","title":"rejects dangerous inline MIME: text/xml（C-01 持久型 XSS 阻断）"},{"ancestorTitles":["FileService public media validation"],"duration":3,"failureDetails":[],"failureMessages":[],"fullName":"FileService public media validation rejects dangerous inline MIME: application/x-javascript（C-01 持久型 XSS 阻断）","invocations":1,"location":null,"numPassingAsserts":1,"retryReasons":[],"status":"passed","title":"rejects dangerous inline MIME: application/x-javascript（C-01 持久型 XSS 阻断）"},{"ancestorTitles":["FileService public media validation"],"duration":1,"failureDetails":[],"failureMessages":[],"fullName":"FileService public media validation rejects dangerous inline MIME: text/javascript（C-01 持久型 XSS 阻断）","invocations":1,"location":null,"numPassingAsserts":1,"retryReasons":[],"status":"passed","title":"rejects dangerous inline MIME: text/javascript（C-01 持久型 XSS 阻断）"},{"ancestorTitles":["FileService public media validation"],"duration":1,"failureDetails":[],"failureMessages":[],"fullName":"FileService public media validation rejects fake-MIME SVG（声明 image/png 但魔数为脚本型，通过扩展名一致性兜底）","invocations":1,"location":null,"numPassingAsserts":1,"retryReasons":[],"status":"passed","title":"rejects fake-MIME SVG（声明 image/png 但魔数为脚本型，通过扩展名一致性兜底）"},{"ancestorTitles":["FileService public media validation"],"duration":2,"failureDetails":[],"failureMessages":[],"fullName":"FileService public media validation accepts consistent bitmap and audio/video MIME","invocations":1,"location":null,"numPassingAsserts":5,"retryReasons":[],"status":"passed","title":"accepts consistent bitmap and audio/video MIME"},{"ancestorTitles":["FileService public media validation"],"duration":1,"failureDetails":[],"failureMessages":[],"fullName":"FileService public media validation rejects private or constrained media files","invocations":1,"location":null,"numPassingAsserts":3,"retryReasons":[],"status":"passed","title":"rejects private or constrained media files"},{"ancestorTitles":["FileService public media validation"],"duration":0,"failureDetails":[],"failureMessages":[],"fullName":"FileService public media validation rejects error-status media files with 410 Gone","invocations":1,"location":null,"numPassingAsserts":1,"retryReasons":[],"status":"passed","title":"rejects error-status media files with 410 Gone"},{"ancestorTitles":["FileService public media validation"],"duration":1,"failureDetails":[],"failureMessages":[],"fullName":"FileService public media validation rejects error-status media files with 410 Gone even when a local cache copy exists","invocations":1,"location":null,"numPassingAsserts":1,"retryReasons":[],"status":"passed","title":"rejects error-status media files with 410 Gone even when a local cache copy exists"},{"ancestorTitles":["FileService getDownloadStream error guard"],"duration":1,"failureDetails":[],"failureMessages":[],"fullName":"FileService getDownloadStream error guard rejects error-status files with 410 Gone without touching telegram or cache","invocations":1,"location":null,"numPassingAsserts":4,"retryReasons":[],"status":"passed","title":"rejects error-status files with 410 Gone without touching telegram or cache"},{"ancestorTitles":["FileService getDownloadStream error guard"],"duration":0,"failureDetails":[],"failureMessages":[],"fullName":"FileService getDownloadStream error guard rejects error-status files with 410 Gone even when a local cache copy exists","invocations":1,"location":null,"numPassingAsserts":2,"retryReasons":[],"status":"passed","title":"rejects error-status files with 410 Gone even when a local cache copy exists"},{"ancestorTitles":["FileService getDownloadStream error guard"],"duration":1,"failureDetails":[],"failureMessages":[],"fullName":"FileService getDownloadStream error guard rejects processing files when no local cache copy exists","invocations":1,"location":null,"numPassingAsserts":2,"retryReasons":[],"status":"passed","title":"rejects processing files when no local cache copy exists"},{"ancestorTitles":["FileService getDownloadStream error guard"],"duration":1,"failureDetails":[],"failureMessages":[],"fullName":"FileService getDownloadStream error guard allows ready files into the cache/telegram pipeline","invocations":1,"location":null,"numPassingAsserts":3,"retryReasons":[],"status":"passed","title":"allows ready files into the cache/telegram pipeline"},{"ancestorTitles":["FileService getDownloadStream error guard"],"duration":2,"failureDetails":[],"failureMessages":[],"fullName":"FileService getDownloadStream error guard marks a file as error when Telegram reports a permanent file-not-found","invocations":1,"location":null,"numPassingAsserts":3,"retryReasons":[],"status":"passed","title":"marks a file as error when Telegram reports a permanent file-not-found"},{"ancestorTitles":["FileService getDownloadStream error guard"],"duration":13,"failureDetails":[],"failureMessages":[],"fullName":"FileService getDownloadStream error guard does not mark error for transient failures (timeout/5xx)","invocations":1,"location":null,"numPassingAsserts":3,"retryReasons":[],"status":"passed","title":"does not mark error for transient failures (timeout/5xx)"},{"ancestorTitles":["FileService getDownloadStream error guard"],"duration":1,"failureDetails":[],"failureMessages":[],"fullName":"FileService getDownloadStream error guard deduplicates error marking within 5 minutes to avoid audit storms","invocations":1,"location":null,"numPassingAsserts":2,"retryReasons":[],"status":"passed","title":"deduplicates error marking within 5 minutes to avoid audit storms"},{"ancestorTitles":["FileService getDownloadStream error guard"],"duration":0,"failureDetails":[],"failureMessages":[],"fullName":"FileService getDownloadStream error guard attaches an error handler to the stream for spool-path permanent failures","invocations":1,"location":null,"numPassingAsserts":1,"retryReasons":[],"status":"passed","title":"attaches an error handler to the stream for spool-path permanent failures"},{"ancestorTitles":["FileService public media cold-range policy"],"duration":1,"failureDetails":[],"failureMessages":[],"fullName":"FileService public media cold-range policy returns null for cold public media Range (fallback to full single connection)","invocations":1,"location":null,"numPassingAsserts":1,"retryReasons":[],"status":"passed","title":"returns null for cold public media Range (fallback to full single connection)"},{"ancestorTitles":["FileService public media cold-range policy"],"duration":1,"failureDetails":[],"failureMessages":[],"fullName":"FileService public media cold-range policy serves a range stream from the local cache for public media","invocations":1,"location":null,"numPassingAsserts":3,"retryReasons":[],"status":"passed","title":"serves a range stream from the local cache for public media"},{"ancestorTitles":["FileService R4 恢复成功路径回写"],"duration":0,"failureDetails":[],"failureMessages":[],"fullName":"FileService R4 恢复成功路径回写 恢复成功且路径变化时条件回写 telegramFilePath（含 uploadVersion 守卫）","invocations":1,"location":null,"numPassingAsserts":1,"retryReasons":[],"status":"passed","title":"恢复成功且路径变化时条件回写 telegramFilePath（含 uploadVersion 守卫）"},{"ancestorTitles":["FileService R4 恢复成功路径回写"],"duration":0,"failureDetails":[],"failureMessages":[],"fullName":"FileService R4 恢复成功路径回写 路径未变化时不触发数据库写入","invocations":1,"location":null,"numPassingAsserts":1,"retryReasons":[],"status":"passed","title":"路径未变化时不触发数据库写入"},{"ancestorTitles":["FileService R4 恢复成功路径回写"],"duration":0,"failureDetails":[],"failureMessages":[],"fullName":"FileService R4 恢复成功路径回写 缓存命中（fetchFn 未触发回源）时不回写","invocations":1,"location":null,"numPassingAsserts":2,"retryReasons":[],"status":"passed","title":"缓存命中（fetchFn 未触发回源）时不回写"},{"ancestorTitles":["FileService R4 恢复成功路径回写"],"duration":0,"failureDetails":[],"failureMessages":[],"fullName":"FileService R4 恢复成功路径回写 回写失败不阻断主流程","invocations":1,"location":null,"numPassingAsserts":2,"retryReasons":[],"status":"passed","title":"回写失败不阻断主流程"},{"ancestorTitles":["FileService R5 已 error 文件全入口 410"],"duration":1,"failureDetails":[],"failureMessages":[],"fullName":"FileService R5 已 error 文件全入口 410 getPublicMediaStream 对已 error 文件抛 GoneException","invocations":1,"location":null,"numPassingAsserts":1,"retryReasons":[],"status":"passed","title":"getPublicMediaStream 对已 error 文件抛 GoneException"},{"ancestorTitles":["FileService R5 已 error 文件全入口 410"],"duration":0,"failureDetails":[],"failureMessages":[],"fullName":"FileService R5 已 error 文件全入口 410 getPreviewStream 对已 error 文件抛 GoneException","invocations":1,"location":null,"numPassingAsserts":1,"retryReasons":[],"status":"passed","title":"getPreviewStream 对已 error 文件抛 GoneException"},{"ancestorTitles":["FileService R5 已 error 文件全入口 410"],"duration":0,"failureDetails":[],"failureMessages":[],"fullName":"FileService R5 已 error 文件全入口 410 getStreamForShareDownload 对已 error 文件抛 GoneException","invocations":1,"location":null,"numPassingAsserts":1,"retryReasons":[],"status":"passed","title":"getStreamForShareDownload 对已 error 文件抛 GoneException"},{"ancestorTitles":["FileService R5 已 error 文件全入口 410"],"duration":0,"failureDetails":[],"failureMessages":[],"fullName":"FileService R5 已 error 文件全入口 410 getPreviewStreamWithRange 对已 error 文件抛 GoneException","invocations":1,"location":null,"numPassingAsserts":1,"retryReasons":[],"status":"passed","title":"getPreviewStreamWithRange 对已 error 文件抛 GoneException"},{"ancestorTitles":["FileService R5 已 error 文件全入口 410"],"duration":7,"failureDetails":[],"failureMessages":[],"fullName":"FileService R5 已 error 文件全入口 410 getSharePreviewStreamWithRange 对已 error 文件抛 GoneException","invocations":1,"location":null,"numPassingAsserts":1,"retryReasons":[],"status":"passed","title":"getSharePreviewStreamWithRange 对已 error 文件抛 GoneException"},{"ancestorTitles":["FileService R5 已 error 文件全入口 410"],"duration":0,"failureDetails":[],"failureMessages":[],"fullName":"FileService R5 已 error 文件全入口 410 getExistingMediaThumbnailStream 对已 error 文件抛 GoneException","invocations":1,"location":null,"numPassingAsserts":1,"retryReasons":[],"status":"passed","title":"getExistingMediaThumbnailStream 对已 error 文件抛 GoneException"}],"endTime":1786996157219,"message":"","name":"C:\\项目\\tgtc beta\\backend\\src\\file\\public-media.spec.ts","startTime":1786996145988,"status":"passed","summary":""},{"assertionResults":[{"ancestorTitles":["AuthController"],"duration":14,"failureDetails":[],"failureMessages":[],"fullName":"AuthController register sets cookie without exposing token","invocations":1,"location":null,"numPassingAsserts":2,"retryReasons":[],"status":"passed","title":"register sets cookie without exposing token"},{"ancestorTitles":["AuthController"],"duration":1,"failureDetails":[],"failureMessages":[],"fullName":"AuthController register supports verification response without token","invocations":1,"location":null,"numPassingAsserts":2,"retryReasons":[],"status":"passed","title":"register supports verification response without token"},{"ancestorTitles":["AuthController"],"duration":5,"failureDetails":[],"failureMessages":[],"fullName":"AuthController login derives secure cookie from request","invocations":1,"location":null,"numPassingAsserts":2,"retryReasons":[],"status":"passed","title":"login derives secure cookie from request"},{"ancestorTitles":["AuthController"],"duration":1,"failureDetails":[],"failureMessages":[],"fullName":"AuthController login derives secure cookie from request","invocations":1,"location":null,"numPassingAsserts":2,"retryReasons":[],"status":"passed","title":"login derives secure cookie from request"},{"ancestorTitles":["AuthController"],"duration":1,"failureDetails":[],"failureMessages":[],"fullName":"AuthController logout verifies signature and revokes a valid cookie token, then clears cookie","invocations":1,"location":null,"numPassingAsserts":3,"retryReasons":[],"status":"passed","title":"logout verifies signature and revokes a valid cookie token, then clears cookie"},{"ancestorTitles":["AuthController"],"duration":0,"failureDetails":[],"failureMessages":[],"fullName":"AuthController logout tolerates absent or invalid token","invocations":1,"location":null,"numPassingAsserts":1,"retryReasons":[],"status":"passed","title":"logout tolerates absent or invalid token"},{"ancestorTitles":["AuthController"],"duration":1,"failureDetails":[],"failureMessages":[],"fullName":"AuthController logout tolerates absent or invalid token","invocations":1,"location":null,"numPassingAsserts":1,"retryReasons":[],"status":"passed","title":"logout tolerates absent or invalid token"},{"ancestorTitles":["AuthController"],"duration":1,"failureDetails":[],"failureMessages":[],"fullName":"AuthController logout tolerates absent or invalid token","invocations":1,"location":null,"numPassingAsserts":1,"retryReasons":[],"status":"passed","title":"logout tolerates absent or invalid token"},{"ancestorTitles":["AuthController"],"duration":8,"failureDetails":[],"failureMessages":[],"fullName":"AuthController logout does not revoke when signature verification fails","invocations":1,"location":null,"numPassingAsserts":2,"retryReasons":[],"status":"passed","title":"logout does not revoke when signature verification fails"},{"ancestorTitles":["AuthController"],"duration":3,"failureDetails":[],"failureMessages":[],"fullName":"AuthController delegates code, verification, reset, me and status","invocations":1,"location":null,"numPassingAsserts":8,"retryReasons":[],"status":"passed","title":"delegates code, verification, reset, me and status"}],"endTime":1786996157285,"message":"","name":"C:\\项目\\tgtc beta\\backend\\src\\auth\\auth.controller.spec.ts","startTime":1786996145989,"status":"passed","summary":""},{"assertionResults":[{"ancestorTitles":["G2-11: findAll limit 钳制"],"duration":14,"failureDetails":[],"failureMessages":[],"fullName":"G2-11: findAll limit 钳制 limit=0 回退默认 20 而非触发 500","invocations":1,"location":null,"numPassingAsserts":1,"retryReasons":[],"status":"passed","title":"limit=0 回退默认 20 而非触发 500"},{"ancestorTitles":["G2-11: findAll limit 钳制"],"duration":0,"failureDetails":[],"failureMessages":[],"fullName":"G2-11: findAll limit 钳制 超大 limit（1000）钳制到 100","invocations":1,"location":null,"numPassingAsserts":1,"retryReasons":[],"status":"passed","title":"超大 limit（1000）钳制到 100"},{"ancestorTitles":["G2-11: findAll limit 钳制"],"duration":1,"failureDetails":[],"failureMessages":[],"fullName":"G2-11: findAll limit 钳制 非法 limit（-5）回退默认 20","invocations":1,"location":null,"numPassingAsserts":1,"retryReasons":[],"status":"passed","title":"非法 limit（-5）回退默认 20"},{"ancestorTitles":["G2-15: Range 配额扣次 30s 幂等去重"],"duration":2,"failureDetails":[],"failureMessages":[],"fullName":"G2-15: Range 配额扣次 30s 幂等去重 同文件同（用户+IP）30s 窗口内多次 Range 只扣一次配额","invocations":1,"location":null,"numPassingAsserts":1,"retryReasons":[],"status":"passed","title":"同文件同（用户+IP）30s 窗口内多次 Range 只扣一次配额"},{"ancestorTitles":["G2-15: Range 配额扣次 30s 幂等去重"],"duration":2,"failureDetails":[],"failureMessages":[],"fullName":"G2-15: Range 配额扣次 30s 幂等去重 不同 IP 的 Range 请求分别扣次","invocations":1,"location":null,"numPassingAsserts":1,"retryReasons":[],"status":"passed","title":"不同 IP 的 Range 请求分别扣次"},{"ancestorTitles":["G2-12: batchToMarkdown 转义与直链约束"],"duration":2,"failureDetails":[],"failureMessages":[],"fullName":"G2-12: batchToMarkdown 转义与直链约束 文件名中的 Markdown 特殊字符被转义，含约束文件生成分享链接","invocations":1,"location":null,"numPassingAsserts":2,"retryReasons":[],"status":"passed","title":"文件名中的 Markdown 特殊字符被转义，含约束文件生成分享链接"},{"ancestorTitles":["G2-12: batchToMarkdown 转义与直链约束"],"duration":0,"failureDetails":[],"failureMessages":[],"fullName":"G2-12: batchToMarkdown 转义与直链约束 无约束公开文件生成 /media/ 直链","invocations":1,"location":null,"numPassingAsserts":1,"retryReasons":[],"status":"passed","title":"无约束公开文件生成 /media/ 直链"}],"endTime":1786996157512,"message":"","name":"C:\\项目\\tgtc beta\\backend\\src\\file\\file.service.p2.spec.ts","startTime":1786996146032,"status":"passed","summary":""},{"assertionResults":[{"ancestorTitles":["UserService - delete（G6-04 级联处置 folders/tags/ShareLink）"],"duration":42,"failureDetails":[],"failureMessages":[],"fullName":"UserService - delete（G6-04 级联处置 folders/tags/ShareLink） 同一事务内级联软删文件、文件夹，吊销 ShareLink，删除 Tags，再软删用户","invocations":1,"location":null,"numPassingAsserts":6,"retryReasons":[],"status":"passed","title":"同一事务内级联软删文件、文件夹，吊销 ShareLink，删除 Tags，再软删用户"},{"ancestorTitles":["UserService - delete（G6-04 级联处置 folders/tags/ShareLink）"],"duration":6,"failureDetails":[],"failureMessages":[],"fullName":"UserService - delete（G6-04 级联处置 folders/tags/ShareLink） 文件与文件夹使用同一删除计划（deleteScheduledAt 相同）","invocations":1,"location":null,"numPassingAsserts":2,"retryReasons":[],"status":"passed","title":"文件与文件夹使用同一删除计划（deleteScheduledAt 相同）"},{"ancestorTitles":["UserService - delete（G6-04 级联处置 folders/tags/ShareLink）"],"duration":16,"failureDetails":[],"failureMessages":[],"fullName":"UserService - delete（G6-04 级联处置 folders/tags/ShareLink） 禁止删除自己","invocations":1,"location":null,"numPassingAsserts":1,"retryReasons":[],"status":"passed","title":"禁止删除自己"},{"ancestorTitles":["UserService - delete（G6-04 级联处置 folders/tags/ShareLink）"],"duration":4,"failureDetails":[],"failureMessages":[],"fullName":"UserService - delete（G6-04 级联处置 folders/tags/ShareLink） ADMIN 不能删除其他 ADMIN","invocations":1,"location":null,"numPassingAsserts":3,"retryReasons":[],"status":"passed","title":"ADMIN 不能删除其他 ADMIN"},{"ancestorTitles":["UserService - updateRole（G6-09 自我降级 + 最后超管保护）"],"duration":23,"failureDetails":[],"failureMessages":[],"fullName":"UserService - updateRole（G6-09 自我降级 + 最后超管保护） 禁止修改自己的角色（防 super_admin 自我降级）","invocations":1,"location":null,"numPassingAsserts":2,"retryReasons":[],"status":"passed","title":"禁止修改自己的角色（防 super_admin 自我降级）"},{"ancestorTitles":["UserService - updateRole（G6-09 自我降级 + 最后超管保护）"],"duration":3,"failureDetails":[],"failureMessages":[],"fullName":"UserService - updateRole（G6-09 自我降级 + 最后超管保护） 非 super_admin 无权修改角色","invocations":1,"location":null,"numPassingAsserts":1,"retryReasons":[],"status":"passed","title":"非 super_admin 无权修改角色"},{"ancestorTitles":["UserService - updateRole（G6-09 自我降级 + 最后超管保护）"],"duration":3,"failureDetails":[],"failureMessages":[],"fullName":"UserService - updateRole（G6-09 自我降级 + 最后超管保护） 系统仅剩一个 super_admin 时拒绝降级操作","invocations":1,"location":null,"numPassingAsserts":2,"retryReasons":[],"status":"passed","title":"系统仅剩一个 super_admin 时拒绝降级操作"},{"ancestorTitles":["UserService - updateRole（G6-09 自我降级 + 最后超管保护）"],"duration":16,"failureDetails":[],"failureMessages":[],"fullName":"UserService - updateRole（G6-09 自我降级 + 最后超管保护） 存在多个 super_admin 时正常修改他人角色","invocations":1,"location":null,"numPassingAsserts":2,"retryReasons":[],"status":"passed","title":"存在多个 super_admin 时正常修改他人角色"},{"ancestorTitles":["UserService - create（G6-10 软删邮箱占用提示）"],"duration":6,"failureDetails":[],"failureMessages":[],"fullName":"UserService - create（G6-10 软删邮箱占用提示） 邮箱被已软删用户占用时，提示可重新激活而非含糊冲突","invocations":1,"location":null,"numPassingAsserts":3,"retryReasons":[],"status":"passed","title":"邮箱被已软删用户占用时，提示可重新激活而非含糊冲突"},{"ancestorTitles":["UserService - create（G6-10 软删邮箱占用提示）"],"duration":2,"failureDetails":[],"failureMessages":[],"fullName":"UserService - create（G6-10 软删邮箱占用提示） 邮箱被未删除用户占用时提示已注册","invocations":1,"location":null,"numPassingAsserts":1,"retryReasons":[],"status":"passed","title":"邮箱被未删除用户占用时提示已注册"}],"endTime":1786996157549,"message":"","name":"C:\\项目\\tgtc beta\\backend\\src\\user\\user.service.spec.ts","startTime":1786996156274,"status":"passed","summary":""},{"assertionResults":[{"ancestorTitles":["FileService file type validation"],"duration":1,"failureDetails":[],"failureMessages":[],"fullName":"FileService file type validation accepts a ZIP prefix sample even when the first entry exceeds the sample","invocations":1,"location":null,"numPassingAsserts":1,"retryReasons":[],"status":"passed","title":"accepts a ZIP prefix sample even when the first entry exceeds the sample"},{"ancestorTitles":["FileService file type validation"],"duration":0,"failureDetails":[],"failureMessages":[],"fullName":"FileService file type validation rejects a ZIP by the configured blacklist without parsing its entries","invocations":1,"location":null,"numPassingAsserts":1,"retryReasons":[],"status":"passed","title":"rejects a ZIP by the configured blacklist without parsing its entries"}],"endTime":1786996157968,"message":"","name":"C:\\项目\\tgtc beta\\backend\\src\\file\\file-type-validation.spec.ts","startTime":1786996157018,"status":"passed","summary":""},{"assertionResults":[{"ancestorTitles":["FileVerifyProcessor"],"duration":1,"failureDetails":[],"failureMessages":[],"fullName":"FileVerifyProcessor 正常路径：runVerification resolve → processor 不抛错，markFailed 不被调用","invocations":1,"location":null,"numPassingAsserts":3,"retryReasons":[],"status":"passed","title":"正常路径：runVerification resolve → processor 不抛错，markFailed 不被调用"},{"ancestorTitles":["FileVerifyProcessor"],"duration":1,"failureDetails":[],"failureMessages":[],"fullName":"FileVerifyProcessor 异常路径：runVerification reject → markFailed 被调用且 processor 继续抛出","invocations":1,"location":null,"numPassingAsserts":2,"retryReasons":[],"status":"passed","title":"异常路径：runVerification reject → markFailed 被调用且 processor 继续抛出"}],"endTime":1786996158022,"message":"","name":"C:\\项目\\tgtc beta\\backend\\src\\jobs\\file-verify.processor.spec.ts","startTime":1786996155442,"status":"passed","summary":""},{"assertionResults":[{"ancestorTitles":["AttackDetectionProcessor 白名单与降级 (G8-05/G8-06)"],"duration":13,"failureDetails":[],"failureMessages":[],"fullName":"AttackDetectionProcessor 白名单与降级 (G8-05/G8-06) 爬虫检测命中 IP 白名单时豁免（不产出攻击结果）","invocations":1,"location":null,"numPassingAsserts":1,"retryReasons":[],"status":"passed","title":"爬虫检测命中 IP 白名单时豁免（不产出攻击结果）"},{"ancestorTitles":["AttackDetectionProcessor 白名单与降级 (G8-05/G8-06)"],"duration":1,"failureDetails":[],"failureMessages":[],"fullName":"AttackDetectionProcessor 白名单与降级 (G8-05/G8-06) 爬虫检测命中监控 UA 时豁免","invocations":1,"location":null,"numPassingAsserts":1,"retryReasons":[],"status":"passed","title":"爬虫检测命中监控 UA 时豁免"},{"ancestorTitles":["AttackDetectionProcessor 白名单与降级 (G8-05/G8-06)"],"duration":1,"failureDetails":[],"failureMessages":[],"fullName":"AttackDetectionProcessor 白名单与降级 (G8-05/G8-06) 爬虫检测单一成功路径流量降级为仅告警（downgradedToAlert=true）","invocations":1,"location":null,"numPassingAsserts":2,"retryReasons":[],"status":"passed","title":"爬虫检测单一成功路径流量降级为仅告警（downgradedToAlert=true）"},{"ancestorTitles":["AttackDetectionProcessor 白名单与降级 (G8-05/G8-06)"],"duration":2,"failureDetails":[],"failureMessages":[],"fullName":"AttackDetectionProcessor 白名单与降级 (G8-05/G8-06) 爆破检测命中 IP 白名单时豁免","invocations":1,"location":null,"numPassingAsserts":1,"retryReasons":[],"status":"passed","title":"爆破检测命中 IP 白名单时豁免"},{"ancestorTitles":["AttackDetectionProcessor 白名单与降级 (G8-05/G8-06)"],"duration":2,"failureDetails":[],"failureMessages":[],"fullName":"AttackDetectionProcessor 白名单与降级 (G8-05/G8-06) 异常下载对共享出口（多个已认证用户）降级为仅告警","invocations":1,"location":null,"numPassingAsserts":2,"retryReasons":[],"status":"passed","title":"异常下载对共享出口（多个已认证用户）降级为仅告警"},{"ancestorTitles":["AttackDetectionProcessor 白名单与降级 (G8-05/G8-06)"],"duration":0,"failureDetails":[],"failureMessages":[],"fullName":"AttackDetectionProcessor 白名单与降级 (G8-05/G8-06) 异常下载对非共享出口正常触发检测（不降级）","invocations":1,"location":null,"numPassingAsserts":2,"retryReasons":[],"status":"passed","title":"异常下载对非共享出口正常触发检测（不降级）"},{"ancestorTitles":["AttackDetectionProcessor parseDuration 钳制 (G8-15)"],"duration":1,"failureDetails":[],"failureMessages":[],"fullName":"AttackDetectionProcessor parseDuration 钳制 (G8-15) 解析常规时长","invocations":1,"location":null,"numPassingAsserts":3,"retryReasons":[],"status":"passed","title":"解析常规时长"},{"ancestorTitles":["AttackDetectionProcessor parseDuration 钳制 (G8-15)"],"duration":2,"failureDetails":[],"failureMessages":[],"fullName":"AttackDetectionProcessor parseDuration 钳制 (G8-15) 0h/0m 钳制到最小 1 分钟，避免封禁即时过期","invocations":1,"location":null,"numPassingAsserts":3,"retryReasons":[],"status":"passed","title":"0h/0m 钳制到最小 1 分钟，避免封禁即时过期"},{"ancestorTitles":["AttackDetectionProcessor parseDuration 钳制 (G8-15)"],"duration":1,"failureDetails":[],"failureMessages":[],"fullName":"AttackDetectionProcessor parseDuration 钳制 (G8-15) 非法格式回退默认 3600 秒","invocations":1,"location":null,"numPassingAsserts":3,"retryReasons":[],"status":"passed","title":"非法格式回退默认 3600 秒"}],"endTime":1786996158314,"message":"","name":"C:\\项目\\tgtc beta\\backend\\src\\jobs\\attack-detection.processor.spec.ts","startTime":1786996156518,"status":"passed","summary":""},{"assertionResults":[{"ancestorTitles":["FolderService - createFolder"],"duration":53,"failureDetails":[],"failureMessages":[],"fullName":"FolderService - createFolder 根目录创建（无 parentId）成功，parent 为 null","invocations":1,"location":null,"numPassingAsserts":8,"retryReasons":[],"status":"passed","title":"根目录创建（无 parentId）成功，parent 为 null"},{"ancestorTitles":["FolderService - createFolder"],"duration":23,"failureDetails":[],"failureMessages":[],"fullName":"FolderService - createFolder 带 parentId 创建成功，save 收到的实体 parent 是完整父实体（非仅 {id} 部分对象）","invocations":1,"location":null,"numPassingAsserts":6,"retryReasons":[],"status":"passed","title":"带 parentId 创建成功，save 收到的实体 parent 是完整父实体（非仅 {id} 部分对象）"},{"ancestorTitles":["FolderService - createFolder"],"duration":37,"failureDetails":[],"failureMessages":[],"fullName":"FolderService - createFolder 嵌套超过 MAX_FOLDER_DEPTH（20 层）时抛 BadRequestException","invocations":1,"location":null,"numPassingAsserts":3,"retryReasons":[],"status":"passed","title":"嵌套超过 MAX_FOLDER_DEPTH（20 层）时抛 BadRequestException"},{"ancestorTitles":["FolderService - createFolder"],"duration":15,"failureDetails":[],"failureMessages":[],"fullName":"FolderService - createFolder 同层级重名抛 BadRequestException","invocations":1,"location":null,"numPassingAsserts":4,"retryReasons":[],"status":"passed","title":"同层级重名抛 BadRequestException"},{"ancestorTitles":["FolderService - 特殊保留名称校验"],"duration":29,"failureDetails":[],"failureMessages":[],"fullName":"FolderService - 特殊保留名称校验 createFolder 拒绝 \"..\"（防路径穿越）","invocations":1,"location":null,"numPassingAsserts":3,"retryReasons":[],"status":"passed","title":"createFolder 拒绝 \"..\"（防路径穿越）"},{"ancestorTitles":["FolderService - 特殊保留名称校验"],"duration":6,"failureDetails":[],"failureMessages":[],"fullName":"FolderService - 特殊保留名称校验 createFolder 拒绝 \".\"","invocations":1,"location":null,"numPassingAsserts":2,"retryReasons":[],"status":"passed","title":"createFolder 拒绝 \".\""},{"ancestorTitles":["FolderService - 特殊保留名称校验"],"duration":16,"failureDetails":[],"failureMessages":[],"fullName":"FolderService - 特殊保留名称校验 createFolder 拒绝 Windows 保留设备名（含扩展名，如 CON.txt）","invocations":1,"location":null,"numPassingAsserts":6,"retryReasons":[],"status":"passed","title":"createFolder 拒绝 Windows 保留设备名（含扩展名，如 CON.txt）"},{"ancestorTitles":["FolderService - 特殊保留名称校验"],"duration":2,"failureDetails":[],"failureMessages":[],"fullName":"FolderService - 特殊保留名称校验 renameFolder 同样拒绝保留名称","invocations":1,"location":null,"numPassingAsserts":2,"retryReasons":[],"status":"passed","title":"renameFolder 同样拒绝保留名称"},{"ancestorTitles":["FolderService - 特殊保留名称校验"],"duration":31,"failureDetails":[],"failureMessages":[],"fullName":"FolderService - 特殊保留名称校验 合法中文名称正常创建（含空格、点、连字符、下划线）","invocations":1,"location":null,"numPassingAsserts":2,"retryReasons":[],"status":"passed","title":"合法中文名称正常创建（含空格、点、连字符、下划线）"},{"ancestorTitles":["CreateFolderDto / RenameFolderDto - 名称字符集校验"],"duration":11,"failureDetails":[],"failureMessages":[],"fullName":"CreateFolderDto / RenameFolderDto - 名称字符集校验 拒绝包含路径分隔符等非法字符的名称（Create 与 Rename 规则一致）","invocations":1,"location":null,"numPassingAsserts":18,"retryReasons":[],"status":"passed","title":"拒绝包含路径分隔符等非法字符的名称（Create 与 Rename 规则一致）"},{"ancestorTitles":["CreateFolderDto / RenameFolderDto - 名称字符集校验"],"duration":1,"failureDetails":[],"failureMessages":[],"fullName":"CreateFolderDto / RenameFolderDto - 名称字符集校验 接受中英文、数字、空格、点、连字符、下划线与全角空格/点","invocations":1,"location":null,"numPassingAsserts":5,"retryReasons":[],"status":"passed","title":"接受中英文、数字、空格、点、连字符、下划线与全角空格/点"},{"ancestorTitles":["CreateFolderDto / RenameFolderDto - 名称字符集校验"],"duration":1,"failureDetails":[],"failureMessages":[],"fullName":"CreateFolderDto / RenameFolderDto - 名称字符集校验 接受新增白名单字符：半角与全角括号、@ # % $ &（前后端白名单同步）","invocations":1,"location":null,"numPassingAsserts":4,"retryReasons":[],"status":"passed","title":"接受新增白名单字符：半角与全角括号、@ # % $ &（前后端白名单同步）"},{"ancestorTitles":["CreateFolderDto / RenameFolderDto - 名称字符集校验"],"duration":1,"failureDetails":[],"failureMessages":[],"fullName":"CreateFolderDto / RenameFolderDto - 名称字符集校验 Transform 先 trim 后再校验：首尾空格不误伤，纯空格拒绝","invocations":1,"location":null,"numPassingAsserts":3,"retryReasons":[],"status":"passed","title":"Transform 先 trim 后再校验：首尾空格不误伤，纯空格拒绝"},{"ancestorTitles":["FolderService - getBreadcrumb"],"duration":1,"failureDetails":[],"failureMessages":[],"fullName":"FolderService - getBreadcrumb folderId 为 null 时返回空数组，不查询数据库","invocations":1,"location":null,"numPassingAsserts":2,"retryReasons":[],"status":"passed","title":"folderId 为 null 时返回空数组，不查询数据库"},{"ancestorTitles":["FolderService - getBreadcrumb"],"duration":1,"failureDetails":[],"failureMessages":[],"fullName":"FolderService - getBreadcrumb 沿 parentId 链上溯，返回根→自身的完整路径（不依赖闭包表）","invocations":1,"location":null,"numPassingAsserts":2,"retryReasons":[],"status":"passed","title":"沿 parentId 链上溯，返回根→自身的完整路径（不依赖闭包表）"},{"ancestorTitles":["FolderService - getBreadcrumb"],"duration":1,"failureDetails":[],"failureMessages":[],"fullName":"FolderService - getBreadcrumb 过滤路径中已删除的祖先节点","invocations":1,"location":null,"numPassingAsserts":1,"retryReasons":[],"status":"passed","title":"过滤路径中已删除的祖先节点"},{"ancestorTitles":["FolderService - getBreadcrumb"],"duration":1,"failureDetails":[],"failureMessages":[],"fullName":"FolderService - getBreadcrumb 目标文件夹不存在或不属于当前用户时抛 NotFoundException","invocations":1,"location":null,"numPassingAsserts":1,"retryReasons":[],"status":"passed","title":"目标文件夹不存在或不属于当前用户时抛 NotFoundException"},{"ancestorTitles":["FolderService - getBreadcrumb"],"duration":0,"failureDetails":[],"failureMessages":[],"fullName":"FolderService - getBreadcrumb parentId 成环的脏数据不会导致无限循环","invocations":1,"location":null,"numPassingAsserts":2,"retryReasons":[],"status":"passed","title":"parentId 成环的脏数据不会导致无限循环"},{"ancestorTitles":["FolderService - getBreadcrumb"],"duration":0,"failureDetails":[],"failureMessages":[],"fullName":"FolderService - getBreadcrumb 祖先属于其他用户时断链终止，不越权暴露他人数据","invocations":1,"location":null,"numPassingAsserts":1,"retryReasons":[],"status":"passed","title":"祖先属于其他用户时断链终止，不越权暴露他人数据"},{"ancestorTitles":["FolderService - moveFolder（G6-02 事务 + FOR UPDATE 锁）"],"duration":1,"failureDetails":[],"failureMessages":[],"fullName":"FolderService - moveFolder（G6-02 事务 + FOR UPDATE 锁） 在事务内先 FOR UPDATE 锁定被移动节点，再做校验与保存","invocations":1,"location":null,"numPassingAsserts":4,"retryReasons":[],"status":"passed","title":"在事务内先 FOR UPDATE 锁定被移动节点，再做校验与保存"},{"ancestorTitles":["FolderService - moveFolder（G6-02 事务 + FOR UPDATE 锁）"],"duration":2,"failureDetails":[],"failureMessages":[],"fullName":"FolderService - moveFolder（G6-02 事务 + FOR UPDATE 锁） 被移动节点不存在或越权时抛 NotFound，且不落库","invocations":1,"location":null,"numPassingAsserts":2,"retryReasons":[],"status":"passed","title":"被移动节点不存在或越权时抛 NotFound，且不落库"},{"ancestorTitles":["FolderService - moveFolder（G6-02 事务 + FOR UPDATE 锁）"],"duration":1,"failureDetails":[],"failureMessages":[],"fullName":"FolderService - moveFolder（G6-02 事务 + FOR UPDATE 锁） 把文件夹移入自身抛 BadRequestException","invocations":1,"location":null,"numPassingAsserts":2,"retryReasons":[],"status":"passed","title":"把文件夹移入自身抛 BadRequestException"},{"ancestorTitles":["FolderService - moveFolder（G6-02 事务 + FOR UPDATE 锁）"],"duration":1,"failureDetails":[],"failureMessages":[],"fullName":"FolderService - moveFolder（G6-02 事务 + FOR UPDATE 锁） 循环检测：新父级是自身后代时抛 BadRequestException（沿 parentId 上溯）","invocations":1,"location":null,"numPassingAsserts":2,"retryReasons":[],"status":"passed","title":"循环检测：新父级是自身后代时抛 BadRequestException（沿 parentId 上溯）"},{"ancestorTitles":["FolderService - restoreFolder（G6-05 祖先链校验）"],"duration":1,"failureDetails":[],"failureMessages":[],"fullName":"FolderService - restoreFolder（G6-05 祖先链校验） 祖先链完整（父未被删）时正常恢复","invocations":1,"location":null,"numPassingAsserts":2,"retryReasons":[],"status":"passed","title":"祖先链完整（父未被删）时正常恢复"},{"ancestorTitles":["FolderService - restoreFolder（G6-05 祖先链校验）"],"duration":15,"failureDetails":[],"failureMessages":[],"fullName":"FolderService - restoreFolder（G6-05 祖先链校验） 存在被删祖先时拒绝恢复并提示先恢复上级（幻影根防护）","invocations":1,"location":null,"numPassingAsserts":3,"retryReasons":[],"status":"passed","title":"存在被删祖先时拒绝恢复并提示先恢复上级（幻影根防护）"},{"ancestorTitles":["FolderService - copyFile（G6-07 源文件状态校验）"],"duration":3,"failureDetails":[],"failureMessages":[],"fullName":"FolderService - copyFile（G6-07 源文件状态校验） processing 状态的源文件不允许复制，抛 ConflictException","invocations":1,"location":null,"numPassingAsserts":2,"retryReasons":[],"status":"passed","title":"processing 状态的源文件不允许复制，抛 ConflictException"},{"ancestorTitles":["FolderService - copyFile（G6-07 源文件状态校验）"],"duration":3,"failureDetails":[],"failureMessages":[],"fullName":"FolderService - copyFile（G6-07 源文件状态校验） error 状态的源文件不允许复制，抛 ConflictException","invocations":1,"location":null,"numPassingAsserts":2,"retryReasons":[],"status":"passed","title":"error 状态的源文件不允许复制，抛 ConflictException"},{"ancestorTitles":["FolderService - copyFile（G6-07 源文件状态校验）"],"duration":1,"failureDetails":[],"failureMessages":[],"fullName":"FolderService - copyFile（G6-07 源文件状态校验） ready 状态的源文件正常复制","invocations":1,"location":null,"numPassingAsserts":2,"retryReasons":[],"status":"passed","title":"ready 状态的源文件正常复制"}],"endTime":1786996158391,"message":"","name":"C:\\项目\\tgtc beta\\backend\\src\\folder\\folder.service.spec.ts","startTime":1786996146060,"status":"passed","summary":""},{"assertionResults":[{"ancestorTitles":["FileService 冷资源单连接预览策略"],"duration":13,"failureDetails":[],"failureMessages":[],"fullName":"FileService 冷资源单连接预览策略 冷资源（无正式缓存）Range 预览返回 null，回退控制器全量单连接","invocations":1,"location":null,"numPassingAsserts":2,"retryReasons":[],"status":"passed","title":"冷资源（无正式缓存）Range 预览返回 null，回退控制器全量单连接"},{"ancestorTitles":["FileService 冷资源单连接预览策略"],"duration":1,"failureDetails":[],"failureMessages":[],"fullName":"FileService 冷资源单连接预览策略 已缓存文件 Range 预览返回本地范围流（206 语义，O(1) 定位）","invocations":1,"location":null,"numPassingAsserts":7,"retryReasons":[],"status":"passed","title":"已缓存文件 Range 预览返回本地范围流（206 语义，O(1) 定位）"},{"ancestorTitles":["FileService 冷资源单连接预览策略"],"duration":0,"failureDetails":[],"failureMessages":[],"fullName":"FileService 冷资源单连接预览策略 合法 suffix Range 支持（bytes=-500 取末尾 500 字节）","invocations":1,"location":null,"numPassingAsserts":5,"retryReasons":[],"status":"passed","title":"合法 suffix Range 支持（bytes=-500 取末尾 500 字节）"},{"ancestorTitles":["FileService 冷资源单连接预览策略"],"duration":0,"failureDetails":[],"failureMessages":[],"fullName":"FileService 冷资源单连接预览策略 非法 Range 头（错误单位）抛 416","invocations":1,"location":null,"numPassingAsserts":1,"retryReasons":[],"status":"passed","title":"非法 Range 头（错误单位）抛 416"},{"ancestorTitles":["FileService 冷资源单连接预览策略"],"duration":1,"failureDetails":[],"failureMessages":[],"fullName":"FileService 冷资源单连接预览策略 multi-range 抛 416（严格单 Range 语义）","invocations":1,"location":null,"numPassingAsserts":1,"retryReasons":[],"status":"passed","title":"multi-range 抛 416（严格单 Range 语义）"},{"ancestorTitles":["FileService 冷资源单连接预览策略"],"duration":0,"failureDetails":[],"failureMessages":[],"fullName":"FileService 冷资源单连接预览策略 越界 start 抛 RangeNotSatisfiableException","invocations":1,"location":null,"numPassingAsserts":1,"retryReasons":[],"status":"passed","title":"越界 start 抛 RangeNotSatisfiableException"},{"ancestorTitles":["FileService 冷资源单连接预览策略"],"duration":1,"failureDetails":[],"failureMessages":[],"fullName":"FileService 冷资源单连接预览策略 非所有者访问被拒绝","invocations":1,"location":null,"numPassingAsserts":1,"retryReasons":[],"status":"passed","title":"非所有者访问被拒绝"},{"ancestorTitles":["FileService 冷资源单连接预览策略"],"duration":1,"failureDetails":[],"failureMessages":[],"fullName":"FileService 冷资源单连接预览策略 error 状态文件即使已缓存也返回 410 Gone","invocations":1,"location":null,"numPassingAsserts":1,"retryReasons":[],"status":"passed","title":"error 状态文件即使已缓存也返回 410 Gone"},{"ancestorTitles":["FileService 缓存状态查询"],"duration":1,"failureDetails":[],"failureMessages":[],"fullName":"FileService 缓存状态查询 未缓存返回三态 cold（兼容 cached:false）","invocations":1,"location":null,"numPassingAsserts":1,"retryReasons":[],"status":"passed","title":"未缓存返回三态 cold（兼容 cached:false）"},{"ancestorTitles":["FileService 缓存状态查询"],"duration":0,"failureDetails":[],"failureMessages":[],"fullName":"FileService 缓存状态查询 已缓存返回三态 cached（兼容 cached:true）","invocations":1,"location":null,"numPassingAsserts":1,"retryReasons":[],"status":"passed","title":"已缓存返回三态 cached（兼容 cached:true）"},{"ancestorTitles":["FileService 缓存状态查询"],"duration":0,"failureDetails":[],"failureMessages":[],"fullName":"FileService 缓存状态查询 非所有者被拒绝","invocations":1,"location":null,"numPassingAsserts":1,"retryReasons":[],"status":"passed","title":"非所有者被拒绝"},{"ancestorTitles":["FileService 缓存状态查询"],"duration":1,"failureDetails":[],"failureMessages":[],"fullName":"FileService 缓存状态查询 isFileCached 委托缓存路径检查","invocations":1,"location":null,"numPassingAsserts":2,"retryReasons":[],"status":"passed","title":"isFileCached 委托缓存路径检查"},{"ancestorTitles":["FileService 高清封面"],"duration":45,"failureDetails":[],"failureMessages":[],"fullName":"FileService 高清封面 非视频文件拒绝高清封面","invocations":1,"location":null,"numPassingAsserts":1,"retryReasons":[],"status":"passed","title":"非视频文件拒绝高清封面"},{"ancestorTitles":["FileService 高清封面"],"duration":18,"failureDetails":[],"failureMessages":[],"fullName":"FileService 高清封面 读取已生成的高清封面且不重复生成","invocations":1,"location":null,"numPassingAsserts":3,"retryReasons":[],"status":"passed","title":"读取已生成的高清封面且不重复生成"},{"ancestorTitles":["FileService 高清封面"],"duration":4,"failureDetails":[],"failureMessages":[],"fullName":"FileService 高清封面 高清缺失且无本地缓存时回退标准封面","invocations":1,"location":null,"numPassingAsserts":1,"retryReasons":[],"status":"passed","title":"高清缺失且无本地缓存时回退标准封面"},{"ancestorTitles":["FileService 高清封面"],"duration":4,"failureDetails":[],"failureMessages":[],"fullName":"FileService 高清封面 完全无封面时抛 NotFound","invocations":1,"location":null,"numPassingAsserts":1,"retryReasons":[],"status":"passed","title":"完全无封面时抛 NotFound"},{"ancestorTitles":["FileService 高清封面"],"duration":5,"failureDetails":[],"failureMessages":[],"fullName":"FileService 高清封面 高清缺失但有本地缓存时从缓存生成（仅一次 FFmpeg 抽取）","invocations":1,"location":null,"numPassingAsserts":2,"retryReasons":[],"status":"passed","title":"高清缺失但有本地缓存时从缓存生成（仅一次 FFmpeg 抽取）"},{"ancestorTitles":["FileService 高清封面"],"duration":4,"failureDetails":[],"failureMessages":[],"fullName":"FileService 高清封面 冷资源（无缓存）不生成高清封面","invocations":1,"location":null,"numPassingAsserts":1,"retryReasons":[],"status":"passed","title":"冷资源（无缓存）不生成高清封面"},{"ancestorTitles":["FileService 高清封面"],"duration":17,"failureDetails":[],"failureMessages":[],"fullName":"FileService 高清封面 分享链路高清封面读取（不做用户权限断言）","invocations":1,"location":null,"numPassingAsserts":2,"retryReasons":[],"status":"passed","title":"分享链路高清封面读取（不做用户权限断言）"},{"ancestorTitles":["ThumbnailService R6 路径失效可恢复"],"duration":1,"failureDetails":[],"failureMessages":[],"fullName":"ThumbnailService R6 路径失效可恢复 首次 getFileStream 抛 TelegramStreamPathError 时单次重试回源并成功","invocations":1,"location":null,"numPassingAsserts":2,"retryReasons":[],"status":"passed","title":"首次 getFileStream 抛 TelegramStreamPathError 时单次重试回源并成功"},{"ancestorTitles":["ThumbnailService R6 路径失效可恢复"],"duration":0,"failureDetails":[],"failureMessages":[],"fullName":"ThumbnailService R6 路径失效可恢复 重试仍失败时向上抛出（不标记 error），由调用方按原逻辑降级","invocations":1,"location":null,"numPassingAsserts":2,"retryReasons":[],"status":"passed","title":"重试仍失败时向上抛出（不标记 error），由调用方按原逻辑降级"},{"ancestorTitles":["ThumbnailService R6 路径失效可恢复"],"duration":9,"failureDetails":[],"failureMessages":[],"fullName":"ThumbnailService R6 路径失效可恢复 非路径失效错误不触发重试，原样抛出","invocations":1,"location":null,"numPassingAsserts":2,"retryReasons":[],"status":"passed","title":"非路径失效错误不触发重试，原样抛出"}],"endTime":1786996158511,"message":"","name":"C:\\项目\\tgtc beta\\backend\\src\\file\\file-preview.spec.ts","startTime":1786996157517,"status":"passed","summary":""},{"assertionResults":[{"ancestorTitles":["TasksService"],"duration":5,"failureDetails":[],"failureMessages":[],"fullName":"TasksService cleans each simple repository and tolerates database failures","invocations":1,"location":null,"numPassingAsserts":8,"retryReasons":[],"status":"passed","title":"cleans each simple repository and tolerates database failures"},{"ancestorTitles":["TasksService"],"duration":4,"failureDetails":[],"failureMessages":[],"fullName":"TasksService deletes audit logs in bounded batches and handles failures","invocations":1,"location":null,"numPassingAsserts":2,"retryReasons":[],"status":"passed","title":"deletes audit logs in bounded batches and handles failures"},{"ancestorTitles":["TasksService"],"duration":2,"failureDetails":[],"failureMessages":[],"fullName":"TasksService recovers stale processing files with a fixed failure reason","invocations":1,"location":null,"numPassingAsserts":2,"retryReasons":[],"status":"passed","title":"recovers stale processing files with a fixed failure reason"},{"ancestorTitles":["TasksService"],"duration":0,"failureDetails":[],"failureMessages":[],"fullName":"TasksService tolerates database failures in stale processing recovery","invocations":1,"location":null,"numPassingAsserts":1,"retryReasons":[],"status":"passed","title":"tolerates database failures in stale processing recovery"}],"endTime":1786996158514,"message":"","name":"C:\\项目\\tgtc beta\\backend\\src\\tasks\\tasks.service.spec.ts","startTime":1786996157324,"status":"passed","summary":""},{"assertionResults":[{"ancestorTitles":["ThumbnailService deleteThumbnailsForFileId (G4-08)"],"duration":29,"failureDetails":[],"failureMessages":[],"fullName":"ThumbnailService deleteThumbnailsForFileId (G4-08) 删除清单含标准/视频/高清封面三个派生，且磁盘产物全部清除","invocations":1,"location":null,"numPassingAsserts":2,"retryReasons":[],"status":"passed","title":"删除清单含标准/视频/高清封面三个派生，且磁盘产物全部清除"},{"ancestorTitles":["ThumbnailService deleteThumbnailsForFileId (G4-08)"],"duration":2,"failureDetails":[],"failureMessages":[],"fullName":"ThumbnailService deleteThumbnailsForFileId (G4-08) 集中枚举派生物覆盖高清封面，避免遗漏新增派生类型","invocations":1,"location":null,"numPassingAsserts":1,"retryReasons":[],"status":"passed","title":"集中枚举派生物覆盖高清封面，避免遗漏新增派生类型"}],"endTime":1786996158658,"message":"","name":"C:\\项目\\tgtc beta\\backend\\src\\file\\thumbnail-delete.spec.ts","startTime":1786996157591,"status":"passed","summary":""},{"assertionResults":[{"ancestorTitles":["MailerService","loadSmtpConfig 配置组装（DB 优先，env 兜底）"],"duration":78,"failureDetails":[],"failureMessages":[],"fullName":"MailerService loadSmtpConfig 配置组装（DB 优先，env 兜底） DB 中存在的键优先于环境变量，密码经解密还原","invocations":1,"location":null,"numPassingAsserts":6,"retryReasons":[],"status":"passed","title":"DB 中存在的键优先于环境变量，密码经解密还原"},{"ancestorTitles":["MailerService","loadSmtpConfig 配置组装（DB 优先，env 兜底）"],"duration":0,"failureDetails":[],"failureMessages":[],"fullName":"MailerService loadSmtpConfig 配置组装（DB 优先，env 兜底） DB 全部缺失时完全回退环境变量，端口非法时回退默认 587","invocations":1,"location":null,"numPassingAsserts":4,"retryReasons":[],"status":"passed","title":"DB 全部缺失时完全回退环境变量，端口非法时回退默认 587"},{"ancestorTitles":["MailerService","loadSmtpConfig 配置组装（DB 优先，env 兜底）"],"duration":1,"failureDetails":[],"failureMessages":[],"fullName":"MailerService loadSmtpConfig 配置组装（DB 优先，env 兜底） SMTP_SECURE 字符串 false 严格解析为 false（避免 truthy 误判）","invocations":1,"location":null,"numPassingAsserts":1,"retryReasons":[],"status":"passed","title":"SMTP_SECURE 字符串 false 严格解析为 false（避免 truthy 误判）"},{"ancestorTitles":["MailerService","配置变更事件热更新"],"duration":0,"failureDetails":[],"failureMessages":[],"fullName":"MailerService 配置变更事件热更新 config.batch-changed 含 SMTP_* 键时销毁缓存 transporter","invocations":1,"location":null,"numPassingAsserts":3,"retryReasons":[],"status":"passed","title":"config.batch-changed 含 SMTP_* 键时销毁缓存 transporter"},{"ancestorTitles":["MailerService","配置变更事件热更新"],"duration":1,"failureDetails":[],"failureMessages":[],"fullName":"MailerService 配置变更事件热更新 config.batch-changed 不含 SMTP 键时不重建","invocations":1,"location":null,"numPassingAsserts":1,"retryReasons":[],"status":"passed","title":"config.batch-changed 不含 SMTP 键时不重建"},{"ancestorTitles":["MailerService","配置变更事件热更新"],"duration":0,"failureDetails":[],"failureMessages":[],"fullName":"MailerService 配置变更事件热更新 config.changed 单键 SMTP_* 变更同样触发重建","invocations":1,"location":null,"numPassingAsserts":1,"retryReasons":[],"status":"passed","title":"config.changed 单键 SMTP_* 变更同样触发重建"},{"ancestorTitles":["MailerService","发信错误分类"],"duration":7,"failureDetails":[],"failureMessages":[],"fullName":"MailerService 发信错误分类 未配置 host 时抛出 503 友好提示","invocations":1,"location":null,"numPassingAsserts":2,"retryReasons":[],"status":"passed","title":"未配置 host 时抛出 503 友好提示"},{"ancestorTitles":["MailerService","发信错误分类"],"duration":2,"failureDetails":[],"failureMessages":[],"fullName":"MailerService 发信错误分类 认证失败映射为友好中文提示","invocations":1,"location":null,"numPassingAsserts":1,"retryReasons":[],"status":"passed","title":"认证失败映射为友好中文提示"},{"ancestorTitles":["MailerService","发信错误分类"],"duration":15,"failureDetails":[],"failureMessages":[],"fullName":"MailerService 发信错误分类 DNS 解析失败映射为友好中文提示","invocations":1,"location":null,"numPassingAsserts":1,"retryReasons":[],"status":"passed","title":"DNS 解析失败映射为友好中文提示"},{"ancestorTitles":["MailerService","发信错误分类"],"duration":2,"failureDetails":[],"failureMessages":[],"fullName":"MailerService 发信错误分类 连接超时映射为友好中文提示","invocations":1,"location":null,"numPassingAsserts":1,"retryReasons":[],"status":"passed","title":"连接超时映射为友好中文提示"},{"ancestorTitles":["MailerService","发信错误分类"],"duration":1,"failureDetails":[],"failureMessages":[],"fullName":"MailerService 发信错误分类 创建 transporter 时携带超时参数与连接池","invocations":1,"location":null,"numPassingAsserts":1,"retryReasons":[],"status":"passed","title":"创建 transporter 时携带超时参数与连接池"},{"ancestorTitles":["MailerService","sendTestEmail 测试发信"],"duration":1,"failureDetails":[],"failureMessages":[],"fullName":"MailerService sendTestEmail 测试发信 先 verify 自检再发送测试邮件","invocations":1,"location":null,"numPassingAsserts":2,"retryReasons":[],"status":"passed","title":"先 verify 自检再发送测试邮件"},{"ancestorTitles":["MailerService","sendTestEmail 测试发信"],"duration":0,"failureDetails":[],"failureMessages":[],"fullName":"MailerService sendTestEmail 测试发信 未配置 host 时拒绝发送并抛出 503","invocations":1,"location":null,"numPassingAsserts":1,"retryReasons":[],"status":"passed","title":"未配置 host 时拒绝发送并抛出 503"},{"ancestorTitles":["MailerService","sendTestEmail 测试发信"],"duration":11,"failureDetails":[],"failureMessages":[],"fullName":"MailerService sendTestEmail 测试发信 verify 失败时按错误分类抛出友好 503","invocations":1,"location":null,"numPassingAsserts":2,"retryReasons":[],"status":"passed","title":"verify 失败时按错误分类抛出友好 503"},{"ancestorTitles":["MailerService","sendTestEmail 测试发信"],"duration":0,"failureDetails":[],"failureMessages":[],"fullName":"MailerService sendTestEmail 测试发信 测试发送前强制刷新 transporter，使用最新配置","invocations":1,"location":null,"numPassingAsserts":3,"retryReasons":[],"status":"passed","title":"测试发送前强制刷新 transporter，使用最新配置"}],"endTime":1786996158663,"message":"","name":"C:\\项目\\tgtc beta\\backend\\src\\mailer\\mailer.service.spec.ts","startTime":1786996158027,"status":"passed","summary":""},{"assertionResults":[{"ancestorTitles":["AuthService - validateVerificationCode","有效验证码"],"duration":43,"failureDetails":[],"failureMessages":[],"fullName":"AuthService - validateVerificationCode 有效验证码 应验证通过并标记为已使用","invocations":1,"location":null,"numPassingAsserts":2,"retryReasons":[],"status":"passed","title":"应验证通过并标记为已使用"},{"ancestorTitles":["AuthService - validateVerificationCode","无效/过期/已使用验证码"],"duration":35,"failureDetails":[],"failureMessages":[],"fullName":"AuthService - validateVerificationCode 无效/过期/已使用验证码 应抛出 BadRequestException（验证码无效或已过期）","invocations":1,"location":null,"numPassingAsserts":1,"retryReasons":[],"status":"passed","title":"应抛出 BadRequestException（验证码无效或已过期）"},{"ancestorTitles":["AuthService - validateVerificationCode","无效/过期/已使用验证码"],"duration":3,"failureDetails":[],"failureMessages":[],"fullName":"AuthService - validateVerificationCode 无效/过期/已使用验证码 应抛出 BadRequestException（错误验证码）","invocations":1,"location":null,"numPassingAsserts":1,"retryReasons":[],"status":"passed","title":"应抛出 BadRequestException（错误验证码）"},{"ancestorTitles":["AuthService - 邮箱验证开关与登录拦截","注册路径"],"duration":353,"failureDetails":[],"failureMessages":[],"fullName":"AuthService - 邮箱验证开关与登录拦截 注册路径 开关关闭时注册：账号直接标记为已验证","invocations":1,"location":null,"numPassingAsserts":3,"retryReasons":[],"status":"passed","title":"开关关闭时注册：账号直接标记为已验证"},{"ancestorTitles":["AuthService - 邮箱验证开关与登录拦截","注册路径"],"duration":12,"failureDetails":[],"failureMessages":[],"fullName":"AuthService - 邮箱验证开关与登录拦截 注册路径 开关开启时注册缺少验证码：拒绝注册（行为不变）","invocations":1,"location":null,"numPassingAsserts":2,"retryReasons":[],"status":"passed","title":"开关开启时注册缺少验证码：拒绝注册（行为不变）"},{"ancestorTitles":["AuthService - 邮箱验证开关与登录拦截","注册路径"],"duration":443,"failureDetails":[],"failureMessages":[],"fullName":"AuthService - 邮箱验证开关与登录拦截 注册路径 开关开启时携带有效验证码注册：账号为已验证（邮箱已被验证码证明）","invocations":1,"location":null,"numPassingAsserts":2,"retryReasons":[],"status":"passed","title":"开关开启时携带有效验证码注册：账号为已验证（邮箱已被验证码证明）"},{"ancestorTitles":["AuthService - 邮箱验证开关与登录拦截","登录拦截"],"duration":786,"failureDetails":[],"failureMessages":[],"fullName":"AuthService - 邮箱验证开关与登录拦截 登录拦截 开关开启时：未验证账号被拦截","invocations":1,"location":null,"numPassingAsserts":2,"retryReasons":[],"status":"passed","title":"开关开启时：未验证账号被拦截"},{"ancestorTitles":["AuthService - 邮箱验证开关与登录拦截","登录拦截"],"duration":4,"failureDetails":[],"failureMessages":[],"fullName":"AuthService - 邮箱验证开关与登录拦截 登录拦截 开关开启时：已验证账号放行","invocations":1,"location":null,"numPassingAsserts":2,"retryReasons":[],"status":"passed","title":"开关开启时：已验证账号放行"},{"ancestorTitles":["AuthService - 邮箱验证开关与登录拦截","登录拦截"],"duration":15,"failureDetails":[],"failureMessages":[],"fullName":"AuthService - 邮箱验证开关与登录拦截 登录拦截 开关关闭时：未验证账号也放行（拦截仅在开关开启时生效）","invocations":1,"location":null,"numPassingAsserts":1,"retryReasons":[],"status":"passed","title":"开关关闭时：未验证账号也放行（拦截仅在开关开启时生效）"}],"endTime":1786996158720,"message":"","name":"C:\\项目\\tgtc beta\\backend\\src\\auth\\auth.service.spec.ts","startTime":1786996145974,"status":"passed","summary":""},{"assertionResults":[{"ancestorTitles":["JwtStrategy"],"duration":97,"failureDetails":[],"failureMessages":[],"fullName":"JwtStrategy requires JWT secret","invocations":1,"location":null,"numPassingAsserts":1,"retryReasons":[],"status":"passed","title":"requires JWT secret"},{"ancestorTitles":["JwtStrategy"],"duration":1,"failureDetails":[],"failureMessages":[],"fullName":"JwtStrategy rejects malformed payload 0","invocations":1,"location":null,"numPassingAsserts":1,"retryReasons":[],"status":"passed","title":"rejects malformed payload 0"},{"ancestorTitles":["JwtStrategy"],"duration":0,"failureDetails":[],"failureMessages":[],"fullName":"JwtStrategy rejects malformed payload 1","invocations":1,"location":null,"numPassingAsserts":1,"retryReasons":[],"status":"passed","title":"rejects malformed payload 1"},{"ancestorTitles":["JwtStrategy"],"duration":0,"failureDetails":[],"failureMessages":[],"fullName":"JwtStrategy rejects malformed payload 2","invocations":1,"location":null,"numPassingAsserts":1,"retryReasons":[],"status":"passed","title":"rejects malformed payload 2"},{"ancestorTitles":["JwtStrategy"],"duration":1,"failureDetails":[],"failureMessages":[],"fullName":"JwtStrategy rejects malformed payload 3","invocations":1,"location":null,"numPassingAsserts":1,"retryReasons":[],"status":"passed","title":"rejects malformed payload 3"},{"ancestorTitles":["JwtStrategy"],"duration":0,"failureDetails":[],"failureMessages":[],"fullName":"JwtStrategy rejects malformed payload 4","invocations":1,"location":null,"numPassingAsserts":1,"retryReasons":[],"status":"passed","title":"rejects malformed payload 4"},{"ancestorTitles":["JwtStrategy"],"duration":0,"failureDetails":[],"failureMessages":[],"fullName":"JwtStrategy rejects malformed payload 5","invocations":1,"location":null,"numPassingAsserts":1,"retryReasons":[],"status":"passed","title":"rejects malformed payload 5"},{"ancestorTitles":["JwtStrategy"],"duration":2,"failureDetails":[],"failureMessages":[],"fullName":"JwtStrategy rejects revoked, missing, stale, banned and changed users","invocations":1,"location":null,"numPassingAsserts":5,"retryReasons":[],"status":"passed","title":"rejects revoked, missing, stale, banned and changed users"},{"ancestorTitles":["JwtStrategy"],"duration":1,"failureDetails":[],"failureMessages":[],"fullName":"JwtStrategy enforces optional email verification and returns valid user","invocations":1,"location":null,"numPassingAsserts":2,"retryReasons":[],"status":"passed","title":"enforces optional email verification and returns valid user"}],"endTime":1786996158775,"message":"","name":"C:\\项目\\tgtc beta\\backend\\src\\auth\\jwt.strategy.spec.ts","startTime":1786996157256,"status":"passed","summary":""},{"assertionResults":[{"ancestorTitles":["other processors"],"duration":16,"failureDetails":[],"failureMessages":[],"fullName":"other processors evaluates and broadcasts alerts, handles no metrics and rethrows failures","invocations":1,"location":null,"numPassingAsserts":4,"retryReasons":[],"status":"passed","title":"evaluates and broadcasts aler
[...]
Name":"TelemetryController treats malformed token a.b as anonymous","invocations":1,"location":null,"numPassingAsserts":1,"retryReasons":[],"status":"passed","title":"treats malformed token a.b as anonymous"},{"ancestorTitles":["TelemetryController"],"duration":0,"failureDetails":[],"failureMessages":[],"fullName":"TelemetryController treats invalid signature or subject as anonymous","invocations":1,"location":null,"numPassingAsserts":1,"retryReasons":[],"status":"passed","title":"treats invalid signature or subject as anonymous"},{"ancestorTitles":["TelemetryController"],"duration":8,"failureDetails":[],"failureMessages":[],"fullName":"TelemetryController rejects limited requests with configured and default wait","invocations":1,"location":null,"numPassingAsserts":2,"retryReasons":[],"status":"passed","title":"rejects limited requests with configured and default wait"},{"ancestorTitles":["TelemetryController"],"duration":0,"failureDetails":[],"failureMessages":[],"fullName":"TelemetryController rejects invalid performance metrics -1","invocations":1,"location":null,"numPassingAsserts":1,"retryReasons":[],"status":"passed","title":"rejects invalid performance metrics -1"},{"ancestorTitles":["TelemetryController"],"duration":1,"failureDetails":[],"failureMessages":[],"fullName":"TelemetryController rejects invalid performance metrics Infinity","invocations":1,"location":null,"numPassingAsserts":1,"retryReasons":[],"status":"passed","title":"rejects invalid performance metrics Infinity"},{"ancestorTitles":["TelemetryController"],"duration":0,"failureDetails":[],"failureMessages":[],"fullName":"TelemetryController rejects invalid performance metrics \"1\"","invocations":1,"location":null,"numPassingAsserts":1,"retryReasons":[],"status":"passed","title":"rejects invalid performance metrics \"1\""},{"ancestorTitles":["TelemetryController"],"duration":0,"failureDetails":[],"failureMessages":[],"fullName":"TelemetryController accepts finite performance metrics and ignores unrelated events","invocations":1,"location":null,"numPassingAsserts":1,"retryReasons":[],"status":"passed","title":"accepts finite performance metrics and ignores unrelated events"}],"endTime":1786996160312,"message":"","name":"C:\\项目\\tgtc beta\\backend\\src\\telemetry\\telemetry.controller.spec.ts","startTime":1786996158661,"status":"passed","summary":""},{"assertionResults":[{"ancestorTitles":["StalePathCleanupDto"],"duration":2,"failureDetails":[],"failureMessages":[],"fullName":"StalePathCleanupDto 拒绝非法 mode","invocations":1,"location":null,"numPassingAsserts":1,"retryReasons":[],"status":"passed","title":"拒绝非法 mode"},{"ancestorTitles":["StalePathCleanupDto"],"duration":0,"failureDetails":[],"failureMessages":[],"fullName":"StalePathCleanupDto 接受 dry-run 与 apply","invocations":1,"location":null,"numPassingAsserts":2,"retryReasons":[],"status":"passed","title":"接受 dry-run 与 apply"},{"ancestorTitles":["StalePathCleanupDto"],"duration":0,"failureDetails":[],"failureMessages":[],"fullName":"StalePathCleanupDto 缺省 mode 默认 dry-run","invocations":1,"location":null,"numPassingAsserts":1,"retryReasons":[],"status":"passed","title":"缺省 mode 默认 dry-run"}],"endTime":1786996160596,"message":"","name":"C:\\项目\\tgtc beta\\backend\\src\\admin\\stale-path-cleanup.dto.spec.ts","startTime":1786996160085,"status":"passed","summary":""},{"assertionResults":[{"ancestorTitles":["FileCacheService realtime build session"],"duration":112,"failureDetails":[],"failureMessages":[],"fullName":"FileCacheService realtime build session streams cold bytes immediately and atomically publishes the cache","invocations":1,"location":null,"numPassingAsserts":2,"retryReasons":[],"status":"passed","title":"streams cold bytes immediately and atomically publishes the cache"},{"ancestorTitles":["FileCacheService realtime build session"],"duration":49,"failureDetails":[],"failureMessages":[],"fullName":"FileCacheService realtime build session shares one upstream build across concurrent consumers","invocations":1,"location":null,"numPassingAsserts":2,"retryReasons":[],"status":"passed","title":"shares one upstream build across concurrent consumers"},{"ancestorTitles":["FileCacheService realtime build session"],"duration":50,"failureDetails":[],"failureMessages":[],"fullName":"FileCacheService realtime build session removes a partial cache when the upstream fails","invocations":1,"location":null,"numPassingAsserts":2,"retryReasons":[],"status":"passed","title":"removes a partial cache when the upstream fails"},{"ancestorTitles":["FileCacheService realtime build session"],"duration":56,"failureDetails":[],"failureMessages":[],"fullName":"FileCacheService realtime build session aborts a half-open upstream after the idle deadline","invocations":1,"location":null,"numPassingAsserts":4,"retryReasons":[],"status":"passed","title":"aborts a half-open upstream after the idle deadline"},{"ancestorTitles":["FileCacheService realtime build session"],"duration":74,"failureDetails":[],"failureMessages":[],"fullName":"FileCacheService realtime build session actively aborts a build before invalidating its files","invocations":1,"location":null,"numPassingAsserts":3,"retryReasons":[],"status":"passed","title":"actively aborts a build before invalidating its files"},{"ancestorTitles":["FileCacheService no-cache mode"],"duration":72,"failureDetails":[],"failureMessages":[],"fullName":"FileCacheService no-cache mode passthrough returns full bytes with fetchFn called once and fromCache === false","invocations":1,"location":null,"numPassingAsserts":3,"retryReasons":[],"status":"passed","title":"passthrough returns full bytes with fetchFn called once and fromCache === false"},{"ancestorTitles":["FileCacheService no-cache mode"],"duration":172,"failureDetails":[],"failureMessages":[],"fullName":"FileCacheService no-cache mode no-cache tee: 并发消费者共享一个上游连接（fetchFn 只调用一次）","invocations":1,"location":null,"numPassingAsserts":3,"retryReasons":[],"status":"passed","title":"no-cache tee: 并发消费者共享一个上游连接（fetchFn 只调用一次）"},{"ancestorTitles":["FileCacheService no-cache mode"],"duration":58,"failureDetails":[],"failureMessages":[],"fullName":"FileCacheService no-cache mode propagates a spool upstream failure without an unhandled output error","invocations":1,"location":null,"numPassingAsserts":1,"retryReasons":[],"status":"passed","title":"propagates a spool upstream failure without an unhandled output error"},{"ancestorTitles":["FileCacheService no-cache mode"],"duration":211,"failureDetails":[],"failureMessages":[],"fullName":"FileCacheService no-cache mode spool mode: 不发布正式缓存、不建 build 会话、不触发 LRU/容量计算","invocations":1,"location":null,"numPassingAsserts":6,"retryReasons":[],"status":"passed","title":"spool mode: 不发布正式缓存、不建 build 会话、不触发 LRU/容量计算"},{"ancestorTitles":["FileCacheService no-cache mode"],"duration":116,"failureDetails":[],"failureMessages":[],"fullName":"FileCacheService no-cache mode aborts a half-way default-mode session and streams fresh bytes independently","invocations":1,"location":null,"numPassingAsserts":6,"retryReasons":[],"status":"passed","title":"aborts a half-way default-mode session and streams fresh bytes independently"},{"ancestorTitles":["FileCacheService no-cache mode"],"duration":66,"failureDetails":[],"failureMessages":[],"fullName":"FileCacheService no-cache mode flips to no-cache on config.changed and config.batch-changed, aborting active sessions","invocations":1,"location":null,"numPassingAsserts":7,"retryReasons":[],"status":"passed","title":"flips to no-cache on config.changed and config.batch-changed, aborting active sessions"},{"ancestorTitles":["FileCacheService no-cache mode"],"duration":117,"failureDetails":[{"matcherResult":{"actual":false,"expected":true,"message":"expect(received).toBe(expected) // Object.is equality\n\nExpected: true\nReceived: false","name":"toBe","pass":false}}],"failureMessages":["Error: expect(received).toBe(expected) // Object.is equality\n\nExpected: true\nReceived: false\n    at Object.<anonymous> (C:\\项目\\tgtc beta\\backend\\src\\file\\file-cache.service.spec.ts:366:32)"],"fullName":"FileCacheService no-cache mode destroys the upstream when the client disconnects immediately","invocations":1,"location":null,"numPassingAsserts":0,"retryReasons":[],"status":"failed","title":"destroys the upstream when the client disconnects immediately"},{"ancestorTitles":["FileCacheService no-cache mode"],"duration":48,"failureDetails":[],"failureMessages":[],"fullName":"FileCacheService no-cache mode C-04：迟到消费者从 offset 0 逐字节重放，不缺失已前进前缀","invocations":1,"location":null,"numPassingAsserts":3,"retryReasons":[],"status":"passed","title":"C-04：迟到消费者从 offset 0 逐字节重放，不缺失已前进前缀"},{"ancestorTitles":["FileCacheService no-cache mode"],"duration":264,"failureDetails":[],"failureMessages":[],"fullName":"FileCacheService no-cache mode C-04：spool 完成后磁盘上不残留正式缓存（不发布），仅临时 spool 清理后空目录","invocations":1,"location":null,"numPassingAsserts":3,"retryReasons":[],"status":"passed","title":"C-04：spool 完成后磁盘上不残留正式缓存（不发布），仅临时 spool 清理后空目录"},{"ancestorTitles":["FileCacheService no-cache mode"],"duration":48,"failureDetails":[],"failureMessages":[],"fullName":"FileCacheService no-cache mode H-06：冷回源并发预算——达到上限时拒绝新建并抛 503","invocations":1,"location":null,"numPassingAsserts":1,"retryReasons":[],"status":"passed","title":"H-06：冷回源并发预算——达到上限时拒绝新建并抛 503"},{"ancestorTitles":["FileCacheService no-cache mode"],"duration":3054,"failureDetails":[],"failureMessages":[],"fullName":"FileCacheService no-cache mode H-09：onApplicationShutdown 中止构建会话并释放 spool","invocations":1,"location":null,"numPassingAsserts":1,"retryReasons":[],"status":"passed","title":"H-09：onApplicationShutdown 中止构建会话并释放 spool"},{"ancestorTitles":["FileCacheService no-cache mode"],"duration":19,"failureDetails":[],"failureMessages":[],"fullName":"FileCacheService no-cache mode skips cache warm-up: cacheFileFromPath resolves without creating any cache file","invocations":1,"location":null,"numPassingAsserts":2,"retryReasons":[],"status":"passed","title":"skips cache warm-up: cacheFileFromPath resolves without creating any cache file"}],"endTime":1786996160602,"message":"  ● FileCacheService no-cache mode › destroys the upstream when the client disconnects immediately\n\n    expect(received).toBe(expected) // Object.is equality\n\n    Expected: true\n    Received: false\n\n    \u001b[0m \u001b[90m 364 |\u001b[39m     stream\u001b[33m.\u001b[39mdestroy()\u001b[33m;\u001b[39m\n     \u001b[90m 365 |\u001b[39m     \u001b[36mawait\u001b[39m \u001b[36mnew\u001b[39m \u001b[33mPromise\u001b[39m(resolve \u001b[33m=>\u001b[39m setTimeout(resolve\u001b[33m,\u001b[39m \u001b[35m10\u001b[39m))\u001b[33m;\u001b[39m\n    \u001b[31m\u001b[1m>\u001b[22m\u001b[39m\u001b[90m 366 |\u001b[39m     expect(upstream\u001b[33m.\u001b[39mdestroyed)\u001b[33m.\u001b[39mtoBe(\u001b[36mtrue\u001b[39m)\u001b[33m;\u001b[39m\n     \u001b[90m     |\u001b[39m                                \u001b[31m\u001b[1m^\u001b[22m\u001b[39m\n     \u001b[90m 367 |\u001b[39m   })\u001b[33m;\u001b[39m\n     \u001b[90m 368 |\u001b[39m\n     \u001b[90m 369 |\u001b[39m   it(\u001b[32m'C-04：迟到消费者从 offset 0 逐字节重放，不缺失已前进前缀'\u001b[39m\u001b[33m,\u001b[39m \u001b[36masync\u001b[39m () \u001b[33m=>\u001b[39m {\u001b[0m\n\n      at Object.<anonymous> (src/file/file-cache.service.spec.ts:366:32)\n","name":"C:\\项目\\tgtc beta\\backend\\src\\file\\file-cache.service.spec.ts","startTime":1786996146242,"status":"failed","summary":""},{"assertionResults":[{"ancestorTitles":["BanIPDto"],"duration":4,"failureDetails":[],"failureMessages":[],"fullName":"BanIPDto 拒绝没有 expiresAt 的临时封禁","invocations":1,"location":null,"numPassingAsserts":1,"retryReasons":[],"status":"passed","title":"拒绝没有 expiresAt 的临时封禁"},{"ancestorTitles":["BanIPDto"],"duration":1,"failureDetails":[],"failureMessages":[],"fullName":"BanIPDto 拒绝已经过去的临时封禁时间","invocations":1,"location":null,"numPassingAsserts":1,"retryReasons":[],"status":"passed","title":"拒绝已经过去的临时封禁时间"},{"ancestorTitles":["BanIPDto"],"duration":2,"failureDetails":[],"failureMessages":[],"fullName":"BanIPDto 接受未来到期时间或无到期时间的永久封禁","invocations":1,"location":null,"numPassingAsserts":2,"retryReasons":[],"status":"passed","title":"接受未来到期时间或无到期时间的永久封禁"}],"endTime":1786996160656,"message":"","name":"C:\\项目\\tgtc beta\\backend\\src\\admin\\ban-ip.dto.spec.ts","startTime":1786996160081,"status":"passed","summary":""},{"assertionResults":[{"ancestorTitles":["访问日志脱敏（C-02）"],"duration":null,"failureDetails":[],"failureMessages":[],"fullName":"访问日志脱敏（C-02） 带凭据 query 的分享接口响应正常（双读兼容，不拒绝）","invocations":1,"location":null,"numPassingAsserts":0,"retryReasons":[],"status":"pending","title":"带凭据 query 的分享接口响应正常（双读兼容，不拒绝）"},{"ancestorTitles":["分享 Cookie 与媒体安全头（C-01/C-02）"],"duration":null,"failureDetails":[],"failureMessages":[],"fullName":"分享 Cookie 与媒体安全头（C-01/C-02） 密码验证成功后签发 HttpOnly share_access Cookie","invocations":1,"location":null,"numPassingAsserts":0,"retryReasons":[],"status":"pending","title":"密码验证成功后签发 HttpOnly share_access Cookie"},{"ancestorTitles":["分享 Cookie 与媒体安全头（C-01/C-02）"],"duration":null,"failureDetails":[],"failureMessages":[],"fullName":"分享 Cookie 与媒体安全头（C-01/C-02） 危险 MIME（SVG）公开媒体直链被拒绝（400）","invocations":1,"location":null,"numPassingAsserts":0,"retryReasons":[],"status":"pending","title":"危险 MIME（SVG）公开媒体直链被拒绝（400）"},{"ancestorTitles":["分享 Cookie 与媒体安全头（C-01/C-02）"],"duration":null,"failureDetails":[],"failureMessages":[],"fullName":"分享 Cookie 与媒体安全头（C-01/C-02） 合法媒体返回 nosniff + no-referrer + CSP + no-store","invocations":1,"location":null,"numPassingAsserts":0,"retryReasons":[],"status":"pending","title":"合法媒体返回 nosniff + no-referrer + CSP + no-store"}],"coverage":{},"endTime":1786996170688,"message":"","name":"C:\\项目\\tgtc beta\\backend\\test\\preview.e2e-spec.ts","startTime":1786996170688,"status":"skipped","summary":""},{"assertionResults":[{"ancestorTitles":["thin controllers"],"duration":12,"failureDetails":[],"failureMessages":[],"fullName":"thin controllers covers admin delegation, parsing, defaults and validation","invocations":1,"location":null,"numPassingAsserts":1,"retryReasons":[],"status":"passed","title":"covers admin delegation, parsing, defaults and validation"},{"ancestorTitles":["thin controllers"],"duration":0,"failureDetails":[],"failureMessages":[],"fullName":"thin controllers returns 404 for unknown file verify task","invocations":1,"location":null,"numPassingAsserts":2,"retryReasons":[],"status":"passed","title":"returns 404 for unknown file verify task"},{"ancestorTitles":["thin controllers"],"duration":2,"failureDetails":[],"failureMessages":[],"fullName":"thin controllers streams admin exports and validates export parameters","invocations":1,"location":null,"numPassingAsserts":4,"retryReasons":[],"status":"passed","title":"streams admin exports and validates export parameters"},{"ancestorTitles":["thin controllers"],"duration":0,"failureDetails":[],"failureMessages":[],"fullName":"thin controllers covers user controller parsing and mutations","invocations":1,"location":null,"numPassingAsserts":1,"retryReasons":[],"status":"passed","title":"covers user controller parsing and mutations"},{"ancestorTitles":["thin controllers"],"duration":1,"failureDetails":[],"failureMessages":[],"fullName":"thin controllers covers folder and tag controllers","invocations":1,"location":null,"numPassingAsserts":0,"retryReasons":[],"status":"passed","title":"covers folder and tag controllers"},{"ancestorTitles":["thin controllers"],"duration":0,"failureDetails":[],"failureMessages":[],"fullName":"thin controllers covers dashboard and alert controllers","invocations":1,"location":null,"numPassingAsserts":1,"retryReasons":[],"status":"passed","title":"covers dashboard and alert controllers"},{"ancestorTitles":["thin controllers"],"duration":1,"failureDetails":[],"failureMessages":[],"fullName":"thin controllers covers chunk upload validation, cleanup and lifecycle","invocations":1,"location":null,"numPassingAsserts":6,"retryReasons":[],"status":"passed","title":"covers chunk upload validation, cleanup and lifecycle"}],"endTime":1786996162697,"message":"","name":"C:\\项目\\tgtc beta\\backend\\src\\controllers.spec.ts","startTime":1786996146055,"status":"passed","summary":""},{"assertionResults":[{"ancestorTitles":["ChunkUploadService session quota"],"duration":5968,"failureDetails":[],"failureMessages":[],"fullName":"ChunkUploadService session quota rejects the eleventh concurrently active session","invocations":1,"location":null,"numPassingAsserts":1,"retryReasons":[],"status":"passed","title":"rejects the eleventh concurrently active session"},{"ancestorTitles":["ChunkUploadService session quota"],"duration":2615,"failureDetails":[],"failureMessages":[],"fullName":"ChunkUploadService session quota does not count done sessions against the active quota","invocations":1,"location":null,"numPassingAsserts":1,"retryReasons":[],"status":"passed","title":"does not count done sessions against the active quota"},{"ancestorTitles":["ChunkUploadService session quota"],"duration":2648,"failureDetails":[],"failureMessages":[],"fullName":"ChunkUploadService session quota does not count error sessions against the active quota","invocations":1,"location":null,"numPassingAsserts":1,"retryReasons":[],"status":"passed","title":"does not count error sessions against the active quota"},{"ancestorTitles":["ChunkUploadService session quota"],"duration":698,"failureDetails":[],"failureMessages":[],"fullName":"ChunkUploadService session quota supports more than 1000 completed sessions remaining queryable","invocations":1,"location":null,"numPassingAsserts":2,"retryReasons":[],"status":"passed","title":"supports more than 1000 completed sessions remaining queryable"},{"ancestorTitles":["ChunkUploadService session quota"],"duration":2175,"failureDetails":[],"failureMessages":[],"fullName":"ChunkUploadService session quota keeps quota check and registration atomic across concurrent init calls","invocations":1,"location":null,"numPassingAsserts":12,"retryReasons":[],"status":"passed","title":"keeps quota check and registration atomic across concurrent init calls"},{"ancestorTitles":["ChunkUploadService session quota"],"duration":232,"failureDetails":[],"failureMessages":[],"fullName":"ChunkUploadService session quota removes the session and directory when aborted","invocations":1,"location":null,"numPassingAsserts":2,"retryReasons":[],"status":"passed","title":"removes the session and directory when aborted"},{"ancestorTitles":["ChunkUploadService session quota"],"duration":9,"failureDetails":[],"failureMessages":[],"fullName":"ChunkUploadService session quota rolls back registration when the chunk directory cannot be created","invocations":1,"location":null,"numPassingAsserts":2,"retryReasons":[],"status":"passed","title":"rolls back registration when the chunk directory cannot be created"},{"ancestorTitles":["ChunkUploadService session quota","finalizeMerge (G3-05 / G3-06 / G3-07)"],"duration":229,"failureDetails":[],"failureMessages":[],"fullName":"ChunkUploadService session quota finalizeMerge (G3-05 / G3-06 / G3-07) G3-05 pre-checks 2x disk space and returns 507 when insufficient","invocations":1,"location":null,"numPassingAsserts":3,"retryReasons":[],"status":"passed","title":"G3-05 pre-checks 2x disk space and returns 507 when insufficient"},{"ancestorTitles":["ChunkUploadService session quota","finalizeMerge (G3-05 / G3-06 / G3-07)"],"duration":222,"failureDetails":[],"failureMessages":[],"fullName":"ChunkUploadService session quota finalizeMerge (G3-05 / G3-06 / G3-07) G3-06 reuses the saved record on retry instead of creating a duplicate","invocations":1,"location":null,"numPassingAsserts":5,"retryReasons":[],"status":"passed","title":"G3-06 reuses the saved record on retry instead of creating a duplicate"}],"endTime":1786996170528,"message":"","name":"C:\\项目\\tgtc beta\\backend\\src\\file\\chunk-upload.service.spec.ts","startTime":1786996146117,"status":"passed","summary":""}],"wasInterrupted":false}
