{"numFailedTestSuites":0,"numFailedTests":0,"numPassedTestSuites":1,"numPassedTests":17,"numPendingTestSuites":0,"numPendingTests":0,"numRuntimeErrorTestSuites":0,"numTodoTests":0,"numTotalTestSuites":1,"numTotalTests":17,"openHandles":[],"snapshot":{"added":0,"didUpdate":false,"failure":false,"filesAdded":0,"filesRemoved":0,"filesRemovedList":[],"filesUnmatched":0,"filesUpdated":0,"matched":0,"total":0,"unchecked":0,"uncheckedKeysByFile":[],"unmatched":0,"updated":0},"startTime":1786996198743,"success":true,"testResults":[{"assertionResults":[{"ancestorTitles":["FileCacheService realtime build session"],"duration":38,"failureDetails":[],"failureMessages":[],"fullName":"FileCacheService realtime build session streams cold bytes immediately and atomically publishes the cache","invocations":1,"location":null,"numPassingAsserts":2,"retryReasons":[],"status":"passed","title":"streams cold bytes immediately and atomically publishes the cache"},{"ancestorTitles":["FileCacheService realtime build session"],"duration":24,"failureDetails":[],"failureMessages":[],"fullName":"FileCacheService realtime build session shares one upstream build across concurrent consumers","invocations":1,"location":null,"numPassingAsserts":2,"retryReasons":[],"status":"passed","title":"shares one upstream build across concurrent consumers"},{"ancestorTitles":["FileCacheService realtime build session"],"duration":25,"failureDetails":[],"failureMessages":[],"fullName":"FileCacheService realtime build session removes a partial cache when the upstream fails","invocations":1,"location":null,"numPassingAsserts":2,"retryReasons":[],"status":"passed","title":"removes a partial cache when the upstream fails"},{"ancestorTitles":["FileCacheService realtime build session"],"duration":48,"failureDetails":[],"failureMessages":[],"fullName":"FileCacheService realtime build session aborts a half-open upstream after the idle deadline","invocations":1,"location":null,"numPassingAsserts":4,"retryReasons":[],"status":"passed","title":"aborts a half-open upstream after the idle deadline"},{"ancestorTitles":["FileCacheService realtime build session"],"duration":25,"failureDetails":[],"failureMessages":[],"fullName":"FileCacheService realtime build session actively aborts a build before invalidating its files","invocations":1,"location":null,"numPassingAsserts":3,"retryReasons":[],"status":"passed","title":"actively aborts a build before invalidating its files"},{"ancestorTitles":["FileCacheService no-cache mode"],"duration":21,"failureDetails":[],"failureMessages":[],"fullName":"FileCacheService no-cache mode passthrough returns full bytes with fetchFn called once and fromCache === false","invocations":1,"location":null,"numPassingAsserts":3,"retryReasons":[],"status":"passed","title":"passthrough returns full bytes with fetchFn called once and fromCache === false"},{"ancestorTitles":["FileCacheService no-cache mode"],"duration":21,"failureDetails":[],"failureMessages":[],"fullName":"FileCacheService no-cache mode no-cache tee: 并发消费者共享一个上游连接（fetchFn 只调用一次）","invocations":1,"location":null,"numPassingAsserts":3,"retryReasons":[],"status":"passed","title":"no-cache tee: 并发消费者共享一个上游连接（fetchFn 只调用一次）"},{"ancestorTitles":["FileCacheService no-cache mode"],"duration":19,"failureDetails":[],"failureMessages":[],"fullName":"FileCacheService no-cache mode propagates a spool upstream failure without an unhandled output error","invocations":1,"location":null,"numPassingAsserts":1,"retryReasons":[],"status":"passed","title":"propagates a spool upstream failure without an unhandled output error"},{"ancestorTitles":["FileCacheService no-cache mode"],"duration":21,"failureDetails":[],"failureMessages":[],"fullName":"FileCacheService no-cache mode spool mode: 不发布正式缓存、不建 build 会话、不触发 LRU/容量计算","invocations":1,"location":null,"numPassingAsserts":6,"retryReasons":[],"status":"passed","title":"spool mode: 不发布正式缓存、不建 build 会话、不触发 LRU/容量计算"},{"ancestorTitles":["FileCacheService no-cache mode"],"duration":36,"failureDetails":[],"failureMessages":[],"fullName":"FileCacheService no-cache mode aborts a half-way default-mode session and streams fresh bytes independently","invocations":1,"location":null,"numPassingAsserts":6,"retryReasons":[],"status":"passed","title":"aborts a half-way default-mode session and streams fresh bytes independently"},{"ancestorTitles":["FileCacheService no-cache mode"],"duration":45,"failureDetails":[],"failureMessages":[],"fullName":"FileCacheService no-cache mode flips to no-cache on config.changed and config.batch-changed, aborting active sessions","invocations":1,"location":null,"numPassingAsserts":7,"retryReasons":[],"status":"passed","title":"flips to no-cache on config.changed and config.batch-changed, aborting active sessions"},{"ancestorTitles":["FileCacheService no-cache mode"],"duration":30,"failureDetails":[],"failureMessages":[],"fullName":"FileCacheService no-cache mode destroys the upstream when the client disconnects immediately","invocations":1,"location":null,"numPassingAsserts":1,"retryReasons":[],"status":"passed","title":"destroys the upstream when the client disconnects immediately"},{"ancestorTitles":["FileCacheService no-cache mode"],"duration":22,"failureDetails":[],"failureMessages":[],"fullName":"FileCacheService no-cache mode C-04：迟到消费者从 offset 0 逐字节重放，不缺失已前进前缀","invocations":1,"location":null,"numPassingAsserts":3,"retryReasons":[],"status":"passed","title":"C-04：迟到消费者从 offset 0 逐字节重放，不缺失已前进前缀"},{"ancestorTitles":["FileCacheService no-cache mode"],"duration":52,"failureDetails":[],"failureMessages":[],"fullName":"FileCacheService no-cache mode C-04：spool 完成后磁盘上不残留正式缓存（不发布），仅临时 spool 清理后空目录","invocations":1,"location":null,"numPassingAsserts":3,"retryReasons":[],"status":"passed","title":"C-04：spool 完成后磁盘上不残留正式缓存（不发布），仅临时 spool 清理后空目录"},{"ancestorTitles":["FileCacheService no-cache mode"],"duration":16,"failureDetails":[],"failureMessages":[],"fullName":"FileCacheService no-cache mode H-06：冷回源并发预算——达到上限时拒绝新建并抛 503","invocations":1,"location":null,"numPassingAsserts":1,"retryReasons":[],"status":"passed","title":"H-06：冷回源并发预算——达到上限时拒绝新建并抛 503"},{"ancestorTitles":["FileCacheService no-cache mode"],"duration":3056,"failureDetails":[],"failureMessages":[],"fullName":"FileCacheService no-cache mode H-09：onApplicationShutdown 中止构建会话并释放 spool","invocations":1,"location":null,"numPassingAsserts":1,"retryReasons":[],"status":"passed","title":"H-09：onApplicationShutdown 中止构建会话并释放 spool"},{"ancestorTitles":["FileCacheService no-cache mode"],"duration":17,"failureDetails":[],"failureMessages":[],"fullName":"FileCacheService no-cache mode skips cache warm-up: cacheFileFromPath resolves without creating any cache file","invocations":1,"location":null,"numPassingAsserts":2,"retryReasons":[],"status":"passed","title":"skips cache warm-up: cacheFileFromPath resolves without creating any cache file"}],"endTime":1786996205378,"message":"","name":"C:\\项目\\tgtc beta\\backend\\src\\file\\file-cache.service.spec.ts","startTime":1786996198806,"status":"passed","summary":""}],"wasInterrupted":false}
