{"numFailedTestSuites":0,"numFailedTests":0,"numPassedTestSuites":1,"numPassedTests":26,"numPendingTestSuites":0,"numPendingTests":0,"numRuntimeErrorTestSuites":0,"numTodoTests":0,"numTotalTestSuites":1,"numTotalTests":26,"openHandles":[],"snapshot":{"added":0,"didUpdate":false,"failure":false,"filesAdded":0,"filesRemoved":0,"filesRemovedList":[],"filesUnmatched":0,"filesUpdated":0,"matched":0,"total":0,"unchecked":0,"uncheckedKeysByFile":[],"unmatched":0,"updated":0},"startTime":1786996211408,"success":true,"testResults":[{"assertionResults":[{"ancestorTitles":["AdminService query condition branches"],"duration":3,"failureDetails":[],"failureMessages":[],"fullName":"AdminService query condition branches covers access log optional filters and pagination clamps","invocations":1,"location":null,"numPassingAsserts":1,"retryReasons":[],"status":"passed","title":"covers access log optional filters and pagination clamps"},{"ancestorTitles":["AdminService query condition branches"],"duration":1,"failureDetails":[],"failureMessages":[],"fullName":"AdminService query condition branches covers time range and trend granularity 1h","invocations":1,"location":null,"numPassingAsserts":1,"retryReasons":[],"status":"passed","title":"covers time range and trend granularity 1h"},{"ancestorTitles":["AdminService query condition branches"],"duration":1,"failureDetails":[],"failureMessages":[],"fullName":"AdminService query condition branches covers time range and trend granularity 24h","invocations":1,"location":null,"numPassingAsserts":1,"retryReasons":[],"status":"passed","title":"covers time range and trend granularity 24h"},{"ancestorTitles":["AdminService query condition branches"],"duration":0,"failureDetails":[],"failureMessages":[],"fullName":"AdminService query condition branches covers time range and trend granularity 7d","invocations":1,"location":null,"numPassingAsserts":1,"retryReasons":[],"status":"passed","title":"covers time range and trend granularity 7d"},{"ancestorTitles":["AdminService query condition branches"],"duration":1,"failureDetails":[],"failureMessages":[],"fullName":"AdminService query condition branches covers time range and trend granularity 30d","invocations":1,"location":null,"numPassingAsserts":1,"retryReasons":[],"status":"passed","title":"covers time range and trend granularity 30d"},{"ancestorTitles":["AdminService query condition branches"],"duration":1,"failureDetails":[],"failureMessages":[],"fullName":"AdminService query condition branches covers time range and trend granularity other","invocations":1,"location":null,"numPassingAsserts":1,"retryReasons":[],"status":"passed","title":"covers time range and trend granularity other"},{"ancestorTitles":["AdminService query condition branches"],"duration":10,"failureDetails":[],"failureMessages":[],"fullName":"AdminService query condition branches covers top file whitelist, filters and both sorting modes","invocations":1,"location":null,"numPassingAsserts":1,"retryReasons":[],"status":"passed","title":"covers top file whitelist, filters and both sorting modes"},{"ancestorTitles":["AdminService query condition branches"],"duration":2,"failureDetails":[],"failureMessages":[],"fullName":"AdminService query condition branches covers excluded paths, status filters and zero/error rates","invocations":1,"location":null,"numPassingAsserts":2,"retryReasons":[],"status":"passed","title":"covers excluded paths, status filters and zero/error rates"},{"ancestorTitles":["AdminService query condition branches"],"duration":1,"failureDetails":[],"failureMessages":[],"fullName":"AdminService query condition branches covers latency sampled and unsampled query branches","invocations":1,"location":null,"numPassingAsserts":2,"retryReasons":[],"status":"passed","title":"covers latency sampled and unsampled query branches"},{"ancestorTitles":["AdminService query condition branches"],"duration":0,"failureDetails":[],"failureMessages":[],"fullName":"AdminService query condition branches covers audit optional filters and username fallback","invocations":1,"location":null,"numPassingAsserts":1,"retryReasons":[],"status":"passed","title":"covers audit optional filters and username fallback"},{"ancestorTitles":["AdminService query condition branches"],"duration":1,"failureDetails":[],"failureMessages":[],"fullName":"AdminService query condition branches covers comparison zero, growth, decline and absent rows","invocations":1,"location":null,"numPassingAsserts":4,"retryReasons":[],"status":"passed","title":"covers comparison zero, growth, decline and absent rows"},{"ancestorTitles":["AdminService query condition branches"],"duration":2,"failureDetails":[],"failureMessages":[],"fullName":"AdminService query condition branches validates security config constraints atomically and saves valid entries","invocations":1,"location":null,"numPassingAsserts":7,"retryReasons":[],"status":"passed","title":"validates security config constraints atomically and saves valid entries"},{"ancestorTitles":["AdminService query condition branches"],"duration":1,"failureDetails":[],"failureMessages":[],"fullName":"AdminService query condition branches covers telemetry record filters and pagination clamps","invocations":1,"location":null,"numPassingAsserts":2,"retryReasons":[],"status":"passed","title":"covers telemetry record filters and pagination clamps"},{"ancestorTitles":["AdminService query condition branches"],"duration":2,"failureDetails":[],"failureMessages":[],"fullName":"AdminService query condition branches maps telemetry aggregates with missing and invalid numeric fields","invocations":1,"location":null,"numPassingAsserts":1,"retryReasons":[],"status":"passed","title":"maps telemetry aggregates with missing and invalid numeric fields"},{"ancestorTitles":["AdminService.updateSMTPConfig 密码处理"],"duration":27,"failureDetails":[],"failureMessages":[],"fullName":"AdminService.updateSMTPConfig 密码处理 提供新密码时加密后写入","invocations":1,"location":null,"numPassingAsserts":4,"retryReasons":[],"status":"passed","title":"提供新密码时加密后写入"},{"ancestorTitles":["AdminService.updateSMTPConfig 密码处理"],"duration":1,"failureDetails":[],"failureMessages":[],"fullName":"AdminService.updateSMTPConfig 密码处理 密码留空时保留数据库中已有密文，不覆盖","invocations":1,"location":null,"numPassingAsserts":2,"retryReasons":[],"status":"passed","title":"密码留空时保留数据库中已有密文，不覆盖"},{"ancestorTitles":["AdminService.updateSMTPConfig 密码处理"],"duration":0,"failureDetails":[],"failureMessages":[],"fullName":"AdminService.updateSMTPConfig 密码处理 密码字段未传（undefined）时同样保留旧密文","invocations":1,"location":null,"numPassingAsserts":1,"retryReasons":[],"status":"passed","title":"密码字段未传（undefined）时同样保留旧密文"},{"ancestorTitles":["AdminService.updateSMTPConfig 密码处理"],"duration":0,"failureDetails":[],"failureMessages":[],"fullName":"AdminService.updateSMTPConfig 密码处理 保存成功后记录审计日志","invocations":1,"location":null,"numPassingAsserts":1,"retryReasons":[],"status":"passed","title":"保存成功后记录审计日志"},{"ancestorTitles":["AdminService.sendTestSMTPMail"],"duration":1,"failureDetails":[],"failureMessages":[],"fullName":"AdminService.sendTestSMTPMail 委托 MailerService 发送并记录审计日志","invocations":1,"location":null,"numPassingAsserts":2,"retryReasons":[],"status":"passed","title":"委托 MailerService 发送并记录审计日志"},{"ancestorTitles":["AdminService.sendTestSMTPMail"],"duration":0,"failureDetails":[],"failureMessages":[],"fullName":"AdminService.sendTestSMTPMail MailerService 抛错时向上冒泡（由全局过滤器处理）","invocations":1,"location":null,"numPassingAsserts":1,"retryReasons":[],"status":"passed","title":"MailerService 抛错时向上冒泡（由全局过滤器处理）"},{"ancestorTitles":["SmtpTestDto 校验"],"duration":3,"failureDetails":[],"failureMessages":[],"fullName":"SmtpTestDto 校验 合法邮箱通过校验","invocations":1,"location":null,"numPassingAsserts":1,"retryReasons":[],"status":"passed","title":"合法邮箱通过校验"},{"ancestorTitles":["SmtpTestDto 校验"],"duration":0,"failureDetails":[],"failureMessages":[],"fullName":"SmtpTestDto 校验 非法邮箱被拒绝","invocations":1,"location":null,"numPassingAsserts":2,"retryReasons":[],"status":"passed","title":"非法邮箱被拒绝"},{"ancestorTitles":["SmtpTestDto 校验"],"duration":0,"failureDetails":[],"failureMessages":[],"fullName":"SmtpTestDto 校验 缺失 recipient 被拒绝","invocations":1,"location":null,"numPassingAsserts":1,"retryReasons":[],"status":"passed","title":"缺失 recipient 被拒绝"},{"ancestorTitles":["SmtpConfigDto 密码可选"],"duration":0,"failureDetails":[],"failureMessages":[],"fullName":"SmtpConfigDto 密码可选 不传 password 仍通过校验（二次保存无需重输密码）","invocations":1,"location":null,"numPassingAsserts":1,"retryReasons":[],"status":"passed","title":"不传 password 仍通过校验（二次保存无需重输密码）"},{"ancestorTitles":["SmtpConfigDto 密码可选"],"duration":0,"failureDetails":[],"failureMessages":[],"fullName":"SmtpConfigDto 密码可选 password 传空字符串也通过校验","invocations":1,"location":null,"numPassingAsserts":1,"retryReasons":[],"status":"passed","title":"password 传空字符串也通过校验"},{"ancestorTitles":["SmtpConfigDto 密码可选"],"duration":0,"failureDetails":[],"failureMessages":[],"fullName":"SmtpConfigDto 密码可选 缺失必填字段仍被拒绝","invocations":1,"location":null,"numPassingAsserts":1,"retryReasons":[],"status":"passed","title":"缺失必填字段仍被拒绝"}],"endTime":1786996215108,"message":"","name":"C:\\项目\\tgtc beta\\backend\\src\\admin\\admin-smtp.spec.ts","startTime":1786996211475,"status":"passed","summary":""}],"wasInterrupted":false}
